This is pdfTeX, Version 3.14159265-2.6-1.40.21 (MiKTeX 20.12) (preloaded format=pdflatex 2021.1.11)  13 JAN 2021 16:09
entering extended mode
**./thesis.tex
(thesis.tex
LaTeX2e <2020-10-01> patch level 2
L3 programming layer <2020-12-07> xparse <2020-03-03>
(H:\tex\tex/latex/base\book.cls
Document Class: book 2020/04/10 v1.4m Standard LaTeX document class
(H:\tex\tex/latex/base\bk12.clo
File: bk12.clo 2020/04/10 v1.4m Standard LaTeX file (size option)
)
\c@part=\count177
\c@chapter=\count178
\c@section=\count179
\c@subsection=\count180
\c@subsubsection=\count181
\c@paragraph=\count182
\c@subparagraph=\count183
\c@figure=\count184
\c@table=\count185
\abovecaptionskip=\skip47
\belowcaptionskip=\skip48
\bibindent=\dimen138
) (H:\tex\tex/latex/vntex\vietnam.sty
Package: vietnam 2009/07/12 v1.3 support for Vietnamese

(H:\tex\tex/latex/base\ifthen.sty
Package: ifthen 2014/09/29 v1.1c Standard LaTeX ifthen package (DPC)
) (H:\tex\tex/latex/base\fontenc.sty
Package: fontenc 2020/08/10 v2.0s Standard LaTeX package

(H:\tex\tex/latex/vntex\t5enc.def
File: t5enc.def 2006/11/21 v1.4 Vietnamese T5 encoding
Now handling font encoding T5 ...
... processing UTF-8 mapping file for font encoding T5
 (H:\tex\tex/latex/vntex\t5enc.dfu
File: t5enc.dfu 2006/08/19 v1.1 UTF8 support for Vietnamese
   defining Unicode char U+00AB (decimal 171)
   defining Unicode char U+00BB (decimal 187)
   defining Unicode char U+00C0 (decimal 192)
   defining Unicode char U+00C1 (decimal 193)
   defining Unicode char U+00C2 (decimal 194)
   defining Unicode char U+00C3 (decimal 195)
   defining Unicode char U+00C8 (decimal 200)
   defining Unicode char U+00C9 (decimal 201)
   defining Unicode char U+00CA (decimal 202)
   defining Unicode char U+00CC (decimal 204)
   defining Unicode char U+00CD (decimal 205)
   defining Unicode char U+00D2 (decimal 210)
   defining Unicode char U+00D3 (decimal 211)
   defining Unicode char U+00D4 (decimal 212)
   defining Unicode char U+00D5 (decimal 213)
   defining Unicode char U+00D9 (decimal 217)
   defining Unicode char U+00DA (decimal 218)
   defining Unicode char U+00DD (decimal 221)
   defining Unicode char U+00E0 (decimal 224)
   defining Unicode char U+00E1 (decimal 225)
   defining Unicode char U+00E2 (decimal 226)
   defining Unicode char U+00E3 (decimal 227)
   defining Unicode char U+00E8 (decimal 232)
   defining Unicode char U+00E9 (decimal 233)
   defining Unicode char U+00EA (decimal 234)
   defining Unicode char U+00EC (decimal 236)
   defining Unicode char U+00ED (decimal 237)
   defining Unicode char U+00F2 (decimal 242)
   defining Unicode char U+00F3 (decimal 243)
   defining Unicode char U+00F4 (decimal 244)
   defining Unicode char U+00F5 (decimal 245)
   defining Unicode char U+00F9 (decimal 249)
   defining Unicode char U+00FA (decimal 250)
   defining Unicode char U+00FD (decimal 253)
   defining Unicode char U+0102 (decimal 258)
   defining Unicode char U+0103 (decimal 259)
   defining Unicode char U+0110 (decimal 272)
   defining Unicode char U+0111 (decimal 273)
   defining Unicode char U+0128 (decimal 296)
   defining Unicode char U+0129 (decimal 297)
   defining Unicode char U+0131 (decimal 305)
   defining Unicode char U+0168 (decimal 360)
   defining Unicode char U+0169 (decimal 361)
   defining Unicode char U+01A0 (decimal 416)
   defining Unicode char U+01A1 (decimal 417)
   defining Unicode char U+01AF (decimal 431)
   defining Unicode char U+01B0 (decimal 432)
   defining Unicode char U+1EA0 (decimal 7840)
   defining Unicode char U+1EA1 (decimal 7841)
   defining Unicode char U+1EA2 (decimal 7842)
   defining Unicode char U+1EA3 (decimal 7843)
   defining Unicode char U+1EA4 (decimal 7844)
   defining Unicode char U+1EA5 (decimal 7845)
   defining Unicode char U+1EA6 (decimal 7846)
   defining Unicode char U+1EA7 (decimal 7847)
   defining Unicode char U+1EA8 (decimal 7848)
   defining Unicode char U+1EA9 (decimal 7849)
   defining Unicode char U+1EAA (decimal 7850)
   defining Unicode char U+1EAB (decimal 7851)
   defining Unicode char U+1EAC (decimal 7852)
   defining Unicode char U+1EAD (decimal 7853)
   defining Unicode char U+1EAE (decimal 7854)
   defining Unicode char U+1EAF (decimal 7855)
   defining Unicode char U+1EB0 (decimal 7856)
   defining Unicode char U+1EB1 (decimal 7857)
   defining Unicode char U+1EB2 (decimal 7858)
   defining Unicode char U+1EB3 (decimal 7859)
   defining Unicode char U+1EB4 (decimal 7860)
   defining Unicode char U+1EB5 (decimal 7861)
   defining Unicode char U+1EB6 (decimal 7862)
   defining Unicode char U+1EB7 (decimal 7863)
   defining Unicode char U+1EB8 (decimal 7864)
   defining Unicode char U+1EB9 (decimal 7865)
   defining Unicode char U+1EBA (decimal 7866)
   defining Unicode char U+1EBB (decimal 7867)
   defining Unicode char U+1EBC (decimal 7868)
   defining Unicode char U+1EBD (decimal 7869)
   defining Unicode char U+1EBE (decimal 7870)
   defining Unicode char U+1EBF (decimal 7871)
   defining Unicode char U+1EC0 (decimal 7872)
   defining Unicode char U+1EC1 (decimal 7873)
   defining Unicode char U+1EC2 (decimal 7874)
   defining Unicode char U+1EC3 (decimal 7875)
   defining Unicode char U+1EC4 (decimal 7876)
   defining Unicode char U+1EC5 (decimal 7877)
   defining Unicode char U+1EC6 (decimal 7878)
   defining Unicode char U+1EC7 (decimal 7879)
   defining Unicode char U+1EC8 (decimal 7880)
   defining Unicode char U+1EC9 (decimal 7881)
   defining Unicode char U+1ECA (decimal 7882)
   defining Unicode char U+1ECB (decimal 7883)
   defining Unicode char U+1ECC (decimal 7884)
   defining Unicode char U+1ECD (decimal 7885)
   defining Unicode char U+1ECE (decimal 7886)
   defining Unicode char U+1ECF (decimal 7887)
   defining Unicode char U+1ED0 (decimal 7888)
   defining Unicode char U+1ED1 (decimal 7889)
   defining Unicode char U+1ED2 (decimal 7890)
   defining Unicode char U+1ED3 (decimal 7891)
   defining Unicode char U+1ED4 (decimal 7892)
   defining Unicode char U+1ED5 (decimal 7893)
   defining Unicode char U+1ED6 (decimal 7894)
   defining Unicode char U+1ED7 (decimal 7895)
   defining Unicode char U+1ED8 (decimal 7896)
   defining Unicode char U+1ED9 (decimal 7897)
   defining Unicode char U+1EDA (decimal 7898)
   defining Unicode char U+1EDB (decimal 7899)
   defining Unicode char U+1EDC (decimal 7900)
   defining Unicode char U+1EDD (decimal 7901)
   defining Unicode char U+1EDE (decimal 7902)
   defining Unicode char U+1EDF (decimal 7903)
   defining Unicode char U+1EE0 (decimal 7904)
   defining Unicode char U+1EE1 (decimal 7905)
   defining Unicode char U+1EE2 (decimal 7906)
   defining Unicode char U+1EE3 (decimal 7907)
   defining Unicode char U+1EE4 (decimal 7908)
   defining Unicode char U+1EE5 (decimal 7909)
   defining Unicode char U+1EE6 (decimal 7910)
   defining Unicode char U+1EE7 (decimal 7911)
   defining Unicode char U+1EE8 (decimal 7912)
   defining Unicode char U+1EE9 (decimal 7913)
   defining Unicode char U+1EEA (decimal 7914)
   defining Unicode char U+1EEB (decimal 7915)
   defining Unicode char U+1EEC (decimal 7916)
   defining Unicode char U+1EED (decimal 7917)
   defining Unicode char U+1EEE (decimal 7918)
   defining Unicode char U+1EEF (decimal 7919)
   defining Unicode char U+1EF0 (decimal 7920)
   defining Unicode char U+1EF1 (decimal 7921)
   defining Unicode char U+1EF2 (decimal 7922)
   defining Unicode char U+1EF3 (decimal 7923)
   defining Unicode char U+1EF4 (decimal 7924)
   defining Unicode char U+1EF5 (decimal 7925)
   defining Unicode char U+1EF6 (decimal 7926)
   defining Unicode char U+1EF7 (decimal 7927)
   defining Unicode char U+1EF8 (decimal 7928)
   defining Unicode char U+1EF9 (decimal 7929)
   defining Unicode char U+200C (decimal 8204)
   defining Unicode char U+2013 (decimal 8211)
   defining Unicode char U+2014 (decimal 8212)
   defining Unicode char U+2018 (decimal 8216)
   defining Unicode char U+2019 (decimal 8217)
   defining Unicode char U+201A (decimal 8218)
   defining Unicode char U+201C (decimal 8220)
   defining Unicode char U+201D (decimal 8221)
   defining Unicode char U+201E (decimal 8222)
   defining Unicode char U+2030 (decimal 8240)
   defining Unicode char U+2031 (decimal 8241)
   defining Unicode char U+2039 (decimal 8249)
   defining Unicode char U+203A (decimal 8250)
   defining Unicode char U+2423 (decimal 9251)
))
LaTeX Font Info:    Trying to load font information for T5+cmr on input line 11
2.

(H:\tex\tex/latex/vntex\t5cmr.fd
File: t5cmr.fd 1999/05/25 v2.5h Standard LaTeX font definitions
)) (H:\tex\tex/latex/base\inputenc.sty
Package: inputenc 2020/08/01 v1.3d Input encoding file
\inpenc@prehook=\toks15
\inpenc@posthook=\toks16
)
(H:\tex\tex/latex/vntex\vncaps.tex
File: vncaps.tex 2006/06/07 v1.1 Captions in Vietnamese
)) (H:\tex\tex/latex/titlesec\titlesec.sty
Package: titlesec 2019/10/16 v2.13 Sectioning titles
\ttl@box=\box47
\beforetitleunit=\skip49
\aftertitleunit=\skip50
\ttl@plus=\dimen139
\ttl@minus=\dimen140
\ttl@toksa=\toks17
\titlewidth=\dimen141
\titlewidthlast=\dimen142
\titlewidthfirst=\dimen143
)
(H:\tex\tex/latex/geometry\geometry.sty
Package: geometry 2020/01/02 v5.9 Page Geometry
 (H:\tex\tex/latex/graphics\keyval.sty
Package: keyval 2014/10/28 v1.15 key=value parser (DPC)
\KV@toks@=\toks18
)
(H:\tex\tex/generic/iftex\ifvtex.sty
Package: ifvtex 2019/10/25 v1.7 ifvtex legacy package. Use iftex instead.
 (H:\tex\tex/generic/iftex\iftex.sty
Package: iftex 2020/03/06 v1.0d TeX engine tests
))
\Gm@cnth=\count186
\Gm@cntv=\count187
\c@Gm@tempcnt=\count188
\Gm@bindingoffset=\dimen144
\Gm@wd@mp=\dimen145
\Gm@odd@mp=\dimen146
\Gm@even@mp=\dimen147
\Gm@layoutwidth=\dimen148
\Gm@layoutheight=\dimen149
\Gm@layouthoffset=\dimen150
\Gm@layoutvoffset=\dimen151
\Gm@dimlist=\toks19

(H:\tex\tex/latex/geometry\geometry.cfg)) (H:\tex\tex/latex/amsmath\amsmath.sty
Package: amsmath 2020/09/23 v2.17i AMS math features
\@mathmargin=\skip51
For additional information on amsmath, use the `?' option.
(H:\tex\tex/latex/amsmath\amstext.sty
Package: amstext 2000/06/29 v2.01 AMS text
 (H:\tex\tex/latex/amsmath\amsgen.sty
File: amsgen.sty 1999/11/30 v2.0 generic functions
\@emptytoks=\toks20
\ex@=\dimen152
))
(H:\tex\tex/latex/amsmath\amsbsy.sty
Package: amsbsy 1999/11/29 v1.2d Bold Symbols
\pmbraise@=\dimen153
) (H:\tex\tex/latex/amsmath\amsopn.sty
Package: amsopn 2016/03/08 v2.02 operator names
)
\inf@bad=\count189
LaTeX Info: Redefining \frac on input line 234.
\uproot@=\count190
\leftroot@=\count191
LaTeX Info: Redefining \overline on input line 399.
\classnum@=\count192
\DOTSCASE@=\count193
LaTeX Info: Redefining \ldots on input line 496.
LaTeX Info: Redefining \dots on input line 499.
LaTeX Info: Redefining \cdots on input line 620.
\Mathstrutbox@=\box48
\strutbox@=\box49
\big@size=\dimen154
LaTeX Font Info:    Redeclaring font encoding OML on input line 743.
LaTeX Font Info:    Redeclaring font encoding OMS on input line 744.
\macc@depth=\count194
\c@MaxMatrixCols=\count195
\dotsspace@=\muskip16
\c@parentequation=\count196
\dspbrk@lvl=\count197
\tag@help=\toks21
\row@=\count198
\column@=\count199
\maxfields@=\count266
\andhelp@=\toks22
\eqnshift@=\dimen155
\alignsep@=\dimen156
\tagshift@=\dimen157
\tagwidth@=\dimen158
\totwidth@=\dimen159
\lineht@=\dimen160
\@envbody=\toks23
\multlinegap=\skip52
\multlinetaggap=\skip53
\mathdisplay@stack=\toks24
LaTeX Info: Redefining \[ on input line 2923.
LaTeX Info: Redefining \] on input line 2924.
)
(H:\tex\tex/latex/graphics\graphicx.sty
Package: graphicx 2020/09/09 v1.2b Enhanced LaTeX Graphics (DPC,SPQR)
 (H:\tex\tex/latex/graphics\graphics.sty
Package: graphics 2020/08/30 v1.4c Standard LaTeX Graphics (DPC,SPQR)
(H:\tex\tex/latex/graphics\trig.sty
Package: trig 2016/01/03 v1.10 sin cos tan (DPC)
)
(H:\tex\tex/latex/graphics-cfg\graphics.cfg
File: graphics.cfg 2016/06/04 v1.11 sample graphics configuration
)
Package graphics Info: Driver file: pdftex.def on input line 105.

(H:\tex\tex/latex/graphics-def\pdftex.def
File: pdftex.def 2020/10/05 v1.2a Graphics/color driver for pdftex
))
\Gin@req@height=\dimen161
\Gin@req@width=\dimen162
)
(H:\tex\tex/latex/hyperref\hyperref.sty
Package: hyperref 2020-05-15 v7.00e Hypertext links for LaTeX
 (H:\tex\tex/generic/ltxcmds\ltxcmds.sty
Package: ltxcmds 2020-05-10 v1.25 LaTeX kernel commands for general use (HO)
) (H:\tex\tex/generic/pdftexcmds\pdftexcmds.sty
Package: pdftexcmds 2020-06-27 v0.33 Utility functions of pdfTeX for LuaTeX (HO
)

(H:\tex\tex/generic/infwarerr\infwarerr.sty
Package: infwarerr 2019/12/03 v1.5 Providing info/warning/error messages (HO)
)
Package pdftexcmds Info: \pdf@primitive is available.
Package pdftexcmds Info: \pdf@ifprimitive is available.
Package pdftexcmds Info: \pdfdraftmode found.
)
(H:\tex\tex/generic/kvsetkeys\kvsetkeys.sty
Package: kvsetkeys 2019/12/15 v1.18 Key value parser (HO)
)
(H:\tex\tex/generic/kvdefinekeys\kvdefinekeys.sty
Package: kvdefinekeys 2019-12-19 v1.6 Define keys (HO)
)
(H:\tex\tex/generic/pdfescape\pdfescape.sty
Package: pdfescape 2019/12/09 v1.15 Implements pdfTeX's escape features (HO)
)
(H:\tex\tex/latex/hycolor\hycolor.sty
Package: hycolor 2020-01-27 v1.10 Color options for hyperref/bookmark (HO)
)
(H:\tex\tex/latex/letltxmacro\letltxmacro.sty
Package: letltxmacro 2019/12/03 v1.6 Let assignment for LaTeX macros (HO)
)
(H:\tex\tex/latex/auxhook\auxhook.sty
Package: auxhook 2019-12-17 v1.6 Hooks for auxiliary files (HO)
)
(H:\tex\tex/latex/kvoptions\kvoptions.sty
Package: kvoptions 2020-10-07 v3.14 Key value format for package options (HO)
)
\@linkdim=\dimen163
\Hy@linkcounter=\count267
\Hy@pagecounter=\count268

(H:\tex\tex/latex/hyperref\pd1enc.def
File: pd1enc.def 2020-05-15 v7.00e Hyperref: PDFDocEncoding definition (HO)
Now handling font encoding PD1 ...
... no UTF-8 mapping file for font encoding PD1
) (H:\tex\tex/generic/intcalc\intcalc.sty
Package: intcalc 2019/12/15 v1.3 Expandable calculations with integers (HO)
) (H:\tex\tex/generic/etexcmds\etexcmds.sty
Package: etexcmds 2019/12/15 v1.7 Avoid name clashes with e-TeX commands (HO)
)
\Hy@SavedSpaceFactor=\count269
Package hyperref Info: Hyper figures OFF on input line 4464.
Package hyperref Info: Link nesting OFF on input line 4469.
Package hyperref Info: Hyper index ON on input line 4472.
Package hyperref Info: Plain pages OFF on input line 4479.
Package hyperref Info: Backreferencing OFF on input line 4484.
Package hyperref Info: Implicit mode ON; LaTeX internals redefined.
Package hyperref Info: Bookmarks ON on input line 4717.
\c@Hy@tempcnt=\count270
 (H:\tex\tex/latex/url\url.sty
\Urlmuskip=\muskip17
Package: url 2013/09/16  ver 3.4  Verb mode for urls, etc.
)
LaTeX Info: Redefining \url on input line 5076.
\XeTeXLinkMargin=\dimen164

(H:\tex\tex/generic/bitset\bitset.sty
Package: bitset 2019/12/09 v1.3 Handle bit-vector datatype (HO)

(H:\tex\tex/generic/bigintcalc\bigintcalc.sty
Package: bigintcalc 2019/12/15 v1.5 Expandable calculations on big integers (HO
)
))
\Fld@menulength=\count271
\Field@Width=\dimen165
\Fld@charsize=\dimen166
Package hyperref Info: Hyper figures OFF on input line 6347.
Package hyperref Info: Link nesting OFF on input line 6352.
Package hyperref Info: Hyper index ON on input line 6355.
Package hyperref Info: backreferencing OFF on input line 6362.
Package hyperref Info: Link coloring OFF on input line 6367.
Package hyperref Info: Link coloring with OCG OFF on input line 6372.
Package hyperref Info: PDF/A mode OFF on input line 6377.
LaTeX Info: Redefining \ref on input line 6417.
LaTeX Info: Redefining \pageref on input line 6421.

(H:\tex\tex/latex/base\atbegshi-ltx.sty
Package: atbegshi-ltx 2020/08/17 v1.0a Emulation of the original atbegshi packa
ge
with kernel methods
)
\Hy@abspage=\count272
\c@Item=\count273
\c@Hfootnote=\count274
)
Package hyperref Info: Driver (autodetected): hpdftex.

(H:\tex\tex/latex/hyperref\hpdftex.def
File: hpdftex.def 2020-05-15 v7.00e Hyperref driver for pdfTeX
 (H:\tex\tex/latex/base\atveryend-ltx.sty
Package: atveryend-ltx 2020/08/19 v1.0a Emulation of the original atvery packag
e
with kernel methods
)
\Fld@listcount=\count275
\c@bookmark@seq@number=\count276
 (H:\tex\tex/latex/rerunfilecheck\rerunfilecheck.sty
Package: rerunfilecheck 2019/12/05 v1.9 Rerun checks for auxiliary files (HO)

(H:\tex\tex/generic/uniquecounter\uniquecounter.sty
Package: uniquecounter 2019/12/15 v1.4 Provide unlimited unique counter (HO)
)
Package uniquecounter Info: New unique counter `rerunfilecheck' on input line 2
86.
)
\Hy@SectionHShift=\skip54
)
Package hyperref Info: Option `colorlinks' set `true' on input line 33.
\c@exam=\count277

(H:\tex\tex/latex/acro\acro.sty
(H:\tex\tex/latex/l3packages/l3keys2e\l3keys2e.sty
(H:\tex\tex/latex/l3kernel\expl3.sty
Package: expl3 2020-12-07 L3 programming layer (loader) 

(H:\tex\tex/latex/l3backend\l3backend-pdftex.def
File: l3backend-pdftex.def 2020-09-24 L3 backend support: PDF output (pdfTeX)
\l__kernel_color_stack_int=\count278
\l__pdf_internal_box=\box50
))
Package: l3keys2e 2020-10-27 LaTeX2e option processing using LaTeX3 keys
)
Package: acro 2020/12/25 v3.4 typeset acronyms and other abbreviations
\g__acro_version_int=\count279
\l__acro_tmpa_int=\count280
\l__acro_tmpb_int=\count281
\l__acro_tmpc_int=\count282
\l__acro_tmpd_int=\count283

LaTeX3 Info: Defining command \AcroStyle with sig. 'smO{}' on line 442.

Loading module `base' ...
Loading module `interface' ...

LaTeX3 Info: Defining command \AcroAddRow with sig. '+m' on line 643.


LaTeX3 Info: Defining command \AcroRerun with sig. '' on line 646.


LaTeX3 Info: Defining command \AcroPropertiesMap with sig. '+m' on line 649.


LaTeX3 Info: Defining command \AcroMap with sig. 'm+m' on line 652.


LaTeX3 Info: Defining command \AcroNeedPackage with sig. 'm' on line 661.


LaTeX3 Info: Defining command \acsetup with sig. '+m' on line 666.


LaTeX3 Info: Defining command \acroloadstyle with sig. 'm' on line 669.


LaTeX3 Info: Defining command \acroifusedTF with sig. 'm' on line 672.


LaTeX3 Info: Defining command \acuse with sig. 'm' on line 675.


LaTeX3 Info: Defining command \acuseall with sig. '' on line 678.


LaTeX3 Info: Defining command \acreset with sig. 'm' on line 681.


LaTeX3 Info: Defining command \acresetall with sig. '' on line 684.


LaTeX3 Info: Defining command \acsimple with sig. 'mm' on line 687.


LaTeX3 Info: Defining command \acbarrier with sig. '' on line 690.


LaTeX3 Info: Defining command \acswitchoff with sig. '' on line 693.


LaTeX3 Info: Defining command \acswitchon with sig. '' on line 696.


LaTeX3 Info: Defining command \DeclareAcroProperty with sig. 'st?t!t|t>m' on
(LaTeX3)     line 710.


LaTeX3 Info: Defining command \DeclareAcroPropertyAlias with sig.
(LaTeX3)     'st?t!t|t>mm' on line 724.


LaTeX3 Info: Defining command \MakeAcroPropertyAlias with sig. 'mm' on line
(LaTeX3)     727.


LaTeX3 Info: Defining command \UseAcroTemplate with sig. 'O{acronym}mO{1}' on
(LaTeX3)     line 730.


LaTeX3 Info: Defining command \NewAcroTemplate with sig. 'O{acronym}m+m' on
(LaTeX3)     line 733.


LaTeX3 Info: Defining command \RenewAcroTemplate with sig. 'O{acronym}m+m' on
(LaTeX3)     line 736.


LaTeX3 Info: Defining command \SetupAcroTemplate with sig. 'O{acronym}m+m' on
(LaTeX3)     line 739.


LaTeX3 Info: Defining command \SetupNextAcroTemplate with sig. 'O{acronym}m+m'
(LaTeX3)     on line 742.


LaTeX3 Info: Defining command \DeclareAcronym with sig. 'm+m' on line 745.


LaTeX3 Info: Defining command \DeclareAcroEnding with sig. 'mmm' on line 748.


LaTeX3 Info: Defining command \DeclareAcroArticle with sig. 'mm' on line 751.


LaTeX3 Info: Defining command \DeclareAcroTranslation with sig. 'm+m' on line
(LaTeX3)     754.


LaTeX3 Info: Defining command \AddAcroTranslations with sig. 'm+m' on line
(LaTeX3)     757.


LaTeX3 Info: Defining command \acrotranslate with sig. 'm' on line 760.


LaTeX3 Info: Defining command \aciftrailing with sig. '' on line 763.


LaTeX3 Info: Defining command \acfootnote with sig. 'm' on line 766.


LaTeX3 Info: Defining command \acgobbletrail with sig. '' on line 769.


LaTeX3 Info: Defining command \acdot with sig. '' on line 771.


LaTeX3 Info: Defining command \acspace with sig. '' on line 772.


LaTeX3 Info: Defining command \abbrdot with sig. '' on line 773.


LaTeX3 Info: Defining command \acroupper with sig. '' on line 775.


LaTeX3 Info: Defining command \acrofull with sig. '' on line 776.


LaTeX3 Info: Defining command \printacronyms with sig. 'o' on line 785.


LaTeX3 Info: Defining command \acroheading with sig. '' on line 789.


LaTeX3 Info: Defining command \acropreamble with sig. '' on line 790.


LaTeX3 Info: Defining command \acropostamble with sig. '' on line 791.


LaTeX3 Info: Defining command \acrolistname with sig. '' on line 794.


LaTeX3 Info: Defining command \acronymsmapTF with sig. '+m+m+m' on line 807.


LaTeX3 Info: Defining command \acronymsmapT with sig. '+m+m' on line 810.


LaTeX3 Info: Defining command \acronymsmapF with sig. '+m+m' on line 813.


LaTeX3 Info: Defining command \acronymsmap with sig. '+m' on line 816.


LaTeX3 Info: Defining command \acrofield with sig. 'mm' on line 819.


LaTeX3 Info: Defining command \acroprintfield with sig. 'mm' on line 829.


LaTeX3 Info: Defining command \acrofieldifTF with sig. '+m+m+m+m' on line 832.


LaTeX3 Info: Defining command \acroifanyfieldTF with sig. 'mm+m+m' on line
(LaTeX3)     835.


LaTeX3 Info: Defining command \acroifallfieldsTF with sig. 'mm+m+m' on line
(LaTeX3)     838.


LaTeX3 Info: Defining command \acroifpagefieldTF with sig. 'm' on line 841.


LaTeX3 Info: Defining command \acrowrite with sig. 'm' on line 844.


LaTeX3 Info: Defining command \acroshow with sig. 'm' on line 847.


LaTeX3 Info: Defining command \acrodonotuse with sig. '' on line 850.


LaTeX3 Info: Defining command \acroformat with sig. 'mm' on line 853.


LaTeX3 Info: Defining command \acrogroupcite with sig. '' on line 864.


LaTeX3 Info: Defining command \acrocite with sig. '' on line 867.


LaTeX3 Info: Defining command \acroifbooleanTF with sig. 'm' on line 870.


LaTeX3 Info: Defining command \acroifbooleanT with sig. 'm' on line 873.


LaTeX3 Info: Defining command \acroifbooleanF with sig. 'm' on line 876.


LaTeX3 Info: Defining command \acroifTF with sig. 'm' on line 879.


LaTeX3 Info: Defining command \acroifT with sig. 'm' on line 881.


LaTeX3 Info: Defining command \acroifF with sig. 'm' on line 883.


LaTeX3 Info: Defining command \acroifanyTF with sig. 'm+m+m' on line 886.


LaTeX3 Info: Defining command \acroifanyT with sig. 'm+m' on line 888.


LaTeX3 Info: Defining command \acroifanyF with sig. 'm+m' on line 890.


LaTeX3 Info: Defining command \acroifallTF with sig. 'm+m+m' on line 893.


LaTeX3 Info: Defining command \acroifallT with sig. 'm+m' on line 895.


LaTeX3 Info: Defining command \acroifallF with sig. 'm+m' on line 897.


LaTeX3 Info: Defining command \acroifsingleTF with sig. '+m+m' on line 900.


LaTeX3 Info: Defining command \acroifsingleT with sig. '+m' on line 902.


LaTeX3 Info: Defining command \acroifsingleF with sig. '+m' on line 904.


LaTeX3 Info: Defining command \acroiffirstTF with sig. '+m+m' on line 907.


LaTeX3 Info: Defining command \acroiffirstT with sig. '+m' on line 909.


LaTeX3 Info: Defining command \acroiffirstF with sig. '+m' on line 911.


LaTeX3 Info: Defining command \acroiftagTF with sig. 'm+m+m' on line 914.


LaTeX3 Info: Defining command \acroiftagT with sig. 'm+m' on line 916.


LaTeX3 Info: Defining command \acroiftagF with sig. 'm+m' on line 918.


LaTeX3 Info: Defining command \acropages with sig. 'mm' on line 921.


LaTeX3 Info: Defining command \acronopagerange with sig. '' on line 924.


LaTeX3 Info: Defining command \acroneedpages with sig. '' on line 927.


LaTeX3 Info: Defining command \acropagefill with sig. '' on line 930.


LaTeX3 Info: Defining command \acroifpagesTF with sig. '' on line 933.


LaTeX3 Info: Defining command \acroifpagesT with sig. '' on line 936.


LaTeX3 Info: Defining command \acroifpagesF with sig. '' on line 939.


LaTeX3 Info: Defining command \acroifchapterTF with sig. '' on line 942.


LaTeX3 Info: Defining command \acroifchapterT with sig. '' on line 945.


LaTeX3 Info: Defining command \acroifchapterF with sig. '' on line 948.

Loading module `aux' ...
Loading module `properties' ...
Loading module `acronyms' ...
Loading module `formatting' ...
Loading module `ppfixes' ...
Loading module `tools' ...
\l__acro_minimal_usage_int=\count284
\l__acro_nest_int=\count285
\g_acro_barrier_int=\count286
\g_acro_barrier_total_int=\count287
Loading module `commands' ...

LaTeX3 Info: Defining command \NewAcroCommand with sig. 'mm+m' on line 3164.


LaTeX3 Info: Defining command \RenewAcroCommand with sig. 'mm+m' on line 3169.


LaTeX3 Info: Defining command \DeclareAcroCommand with sig. 'mm+m' on line
(LaTeX3)     3174.


LaTeX3 Info: Defining command \ProvideAcroCommand with sig. 'mm+m' on line
(LaTeX3)     3179.

Loading module `templates' ...
Loading module `list' ...
Loading module `pages' ...

(H:\tex\tex/latex/zref\zref-abspage.sty
Package: zref-abspage 2020-07-03 v2.32 Module abspage for zref (HO)
 (H:\tex\tex/latex/zref\zref-base.sty
Package: zref-base 2020-07-03 v2.32 Module base for zref (HO)
Package zref Info: New property list: main on input line 764.
Package zref Info: New property: default on input line 765.
Package zref Info: New property: page on input line 766.
)
\c@abspage=\count288
Package zref Info: New property: abspage on input line 66.
)
(H:\tex\tex/latex/zref\zref-totpages.sty
Package: zref-totpages 2020-07-03 v2.32 Module totpages for zref (HO)

(H:\tex\tex/latex/zref\zref-lastpage.sty
Package: zref-lastpage 2020-07-03 v2.32 Module lastpage for zref (HO)
Package zref Info: New property list: LastPage on input line 59.
))
\l__acro_pages_seq_threshold_int=\count289
Loading module `locale' ...

(H:\tex\tex/latex/translations\translations.sty
Package: translations 2020/11/08 v1.9 internationalization of LaTeX2e packages 
(CN)

(H:\tex\tex/latex/koma-script\scrlfile.sty
Package: scrlfile 2020/09/21 v3.32 KOMA-Script package (file load hooks)

(H:\tex\tex/latex/koma-script\scrlfile-hook.sty
Package: scrlfile-hook 2020/09/21 v3.32 KOMA-Script package (using LaTeX hooks)


LaTeX3 Info: Defining command \BeforeFile with sig. 'm' on line 61.


LaTeX3 Info: Defining command \AfterFile with sig. 'm' on line 65.


LaTeX3 Info: Defining command \BeforeClass with sig. 'm' on line 69.


LaTeX3 Info: Defining command \BeforePackage with sig. 'm' on line 73.


LaTeX3 Info: Defining command \AfterAtEndOfClass with sig. 'smo+m' on line 83.


LaTeX3 Info: Defining command \AfterAtEndOfPackage with sig. 'smo+m' on line
(LaTeX3)     93.


LaTeX3 Info: Defining command \scrlfile@AfterClass with sig. 'smo+m' on line
(LaTeX3)     173.


LaTeX3 Info: Defining command \AfterClass with sig. '' on line 174.


LaTeX3 Info: Defining command \scrlfile@AfterPackage with sig. 'smo+m' on line
(LaTeX3)     191.


LaTeX3 Info: Defining command \AfterPackage with sig. '' on line 192.


LaTeX3 Info: Defining command \ReplaceInput with sig. '' on line 193.


LaTeX3 Info: Defining command \ReplaceClass with sig. 'mm' on line 196.


LaTeX3 Info: Defining command \ReplacePackage with sig. 'mm' on line 199.


LaTeX3 Info: Defining command \UnReplaceInput with sig. '' on line 200.


LaTeX3 Info: Defining command \UnReplaceClass with sig. 'm' on line 203.


LaTeX3 Info: Defining command \UnReplacePackage with sig. 'mm' on line 206.


LaTeX3 Info: Defining command \PreventPackageFromLoading with sig. 's+om' on
(LaTeX3)     line 234.


LaTeX3 Info: Defining command \StorePreventPackageFromLoading with sig. 'm' on
(LaTeX3)     line 242.


LaTeX3 Info: Defining command \ResetPreventPackageFromLoading with sig. '' on
(LaTeX3)     line 247.


LaTeX3 Info: Defining command \UnPreventPackageFromLoading with sig. 'sm' on
(LaTeX3)     line 261.


LaTeX3 Info: Defining command \BeforeClosingMainAux with sig. 'om' on line
(LaTeX3)     274.


LaTeX3 Info: Defining command \AfterReadingMainAux with sig. 'om' on line 287.


LaTeX3 Info: Defining command \protected@immediate@write with sig. 'm+m+m' on
(LaTeX3)     line 298.


(H:\tex\tex/latex/koma-script\scrlogo.sty
Package: scrlogo 2020/09/21 v3.32 KOMA-Script package (logo)
)))
(H:\tex\tex/latex/etoolbox\etoolbox.sty
Package: etoolbox 2020/10/05 v2.5k e-TeX tools for LaTeX (JAW)
\etb@tempcnta=\count290
))
Loading module `pdfsupport' ...
Loading module `patch' ...
Loading module `definitions' ...

LaTeX3 Info: Defining command \baseac with sig. 'm' on line 4910.


LaTeX3 Info: Defining command \ac with sig. 'so' on line 4910.


LaTeX3 Info: Defining command \baseacp with sig. 'm' on line 4912.


LaTeX3 Info: Defining command \acp with sig. 'so' on line 4912.


LaTeX3 Info: Defining command \baseiac with sig. 'm' on line 4914.


LaTeX3 Info: Defining command \iac with sig. 'so' on line 4914.


LaTeX3 Info: Defining command \baseAc with sig. 'm' on line 4916.


LaTeX3 Info: Defining command \Ac with sig. 'so' on line 4916.


LaTeX3 Info: Defining command \baseAcp with sig. 'm' on line 4918.


LaTeX3 Info: Defining command \Acp with sig. 'so' on line 4918.


LaTeX3 Info: Defining command \baseIac with sig. 'm' on line 4920.


LaTeX3 Info: Defining command \Iac with sig. 'so' on line 4920.


LaTeX3 Info: Defining command \baseacs with sig. 'm' on line 4923.


LaTeX3 Info: Defining command \acs with sig. 'so' on line 4923.


LaTeX3 Info: Defining command \baseacsp with sig. 'm' on line 4925.


LaTeX3 Info: Defining command \acsp with sig. 'so' on line 4925.


LaTeX3 Info: Defining command \baseiacs with sig. 'm' on line 4927.


LaTeX3 Info: Defining command \iacs with sig. 'so' on line 4927.


LaTeX3 Info: Defining command \baseAcs with sig. 'm' on line 4929.


LaTeX3 Info: Defining command \Acs with sig. 'so' on line 4929.


LaTeX3 Info: Defining command \baseAcsp with sig. 'm' on line 4931.


LaTeX3 Info: Defining command \Acsp with sig. 'so' on line 4931.


LaTeX3 Info: Defining command \baseIacs with sig. 'm' on line 4933.


LaTeX3 Info: Defining command \Iacs with sig. 'so' on line 4933.


LaTeX3 Info: Defining command \baseacl with sig. 'm' on line 4936.


LaTeX3 Info: Defining command \acl with sig. 'so' on line 4936.


LaTeX3 Info: Defining command \baseaclp with sig. 'm' on line 4938.


LaTeX3 Info: Defining command \aclp with sig. 'so' on line 4938.


LaTeX3 Info: Defining command \baseiacl with sig. 'm' on line 4940.


LaTeX3 Info: Defining command \iacl with sig. 'so' on line 4940.


LaTeX3 Info: Defining command \baseAcl with sig. 'm' on line 4942.


LaTeX3 Info: Defining command \Acl with sig. 'so' on line 4942.


LaTeX3 Info: Defining command \baseAclp with sig. 'm' on line 4944.


LaTeX3 Info: Defining command \Aclp with sig. 'so' on line 4944.


LaTeX3 Info: Defining command \baseIacl with sig. 'm' on line 4946.


LaTeX3 Info: Defining command \Iacl with sig. 'so' on line 4946.


LaTeX3 Info: Defining command \baseaca with sig. 'm' on line 4949.


LaTeX3 Info: Defining command \aca with sig. 'so' on line 4949.


LaTeX3 Info: Defining command \baseacap with sig. 'm' on line 4951.


LaTeX3 Info: Defining command \acap with sig. 'so' on line 4951.


LaTeX3 Info: Defining command \baseiaca with sig. 'm' on line 4953.


LaTeX3 Info: Defining command \iaca with sig. 'so' on line 4953.


LaTeX3 Info: Defining command \baseAca with sig. 'm' on line 4955.


LaTeX3 Info: Defining command \Aca with sig. 'so' on line 4955.


LaTeX3 Info: Defining command \baseAcap with sig. 'm' on line 4957.


LaTeX3 Info: Defining command \Acap with sig. 'so' on line 4957.


LaTeX3 Info: Defining command \baseIaca with sig. 'm' on line 4959.


LaTeX3 Info: Defining command \Iaca with sig. 'so' on line 4959.


LaTeX3 Info: Defining command \baseacf with sig. 'm' on line 4962.


LaTeX3 Info: Defining command \acf with sig. 'so' on line 4962.


LaTeX3 Info: Defining command \baseacfp with sig. 'm' on line 4964.


LaTeX3 Info: Defining command \acfp with sig. 'so' on line 4964.


LaTeX3 Info: Defining command \baseiacf with sig. 'm' on line 4966.


LaTeX3 Info: Defining command \iacf with sig. 'so' on line 4966.


LaTeX3 Info: Defining command \baseAcf with sig. 'm' on line 4968.


LaTeX3 Info: Defining command \Acf with sig. 'so' on line 4968.


LaTeX3 Info: Defining command \baseAcfp with sig. 'm' on line 4970.


LaTeX3 Info: Defining command \Acfp with sig. 'so' on line 4970.


LaTeX3 Info: Defining command \baseIacf with sig. 'm' on line 4972.


LaTeX3 Info: Defining command \Iacf with sig. 'so' on line 4972.


LaTeX3 Info: Defining command \baseacshow with sig. 'm' on line 4975.


LaTeX3 Info: Defining command \acshow with sig. 'so' on line 4975.


LaTeX3 Info: Defining command \acroplural with sig. '' on line 4978.


LaTeX3 Info: Defining command \acroindefinite with sig. '' on line 4980.


LaTeX3 Info: Defining command \nospace with sig. '' on line 4982.

Loading module `upgrade' ...
) (H:\tex\tex/latex/cite\cite.sty
LaTeX Info: Redefining \cite on input line 302.
LaTeX Info: Redefining \nocite on input line 332.
Package: cite 2015/02/27  v 5.5
)
(H:\tex\tex/latex/listings\listings.sty
\lst@mode=\count291
\lst@gtempboxa=\box51
\lst@token=\toks25
\lst@length=\count292
\lst@currlwidth=\dimen167
\lst@column=\count293
\lst@pos=\count294
\lst@lostspace=\dimen168
\lst@width=\dimen169
\lst@newlines=\count295
\lst@lineno=\count296
\lst@maxwidth=\dimen170
 (H:\tex\tex/latex/listings\lstmisc.sty
File: lstmisc.sty 2020/03/24 1.8d (Carsten Heinz)
\c@lstnumber=\count297
\lst@skipnumbers=\count298
\lst@framebox=\box52
) (H:\tex\tex/latex/listings\listings.cfg
File: listings.cfg 2020/03/24 1.8d listings configuration
))
Package: listings 2020/03/24 1.8d (Carsten Heinz)

(H:\tex\tex/latex/fancyhdr\fancyhdr.sty
Package: fancyhdr 2021/01/04 v4.0 Extensive control of page headers and footers

\f@nch@headwidth=\skip55
\f@nch@O@elh=\skip56
\f@nch@O@erh=\skip57
\f@nch@O@olh=\skip58
\f@nch@O@orh=\skip59
\f@nch@O@elf=\skip60
\f@nch@O@erf=\skip61
\f@nch@O@olf=\skip62
\f@nch@O@orf=\skip63
)
(H:\tex\tex/latex/pgf/frontendlayer\tikz.sty
(H:\tex\tex/latex/pgf/basiclayer\pgf.sty
(H:\tex\tex/latex/pgf/utilities\pgfrcs.sty
(H:\tex\tex/generic/pgf/utilities\pgfutil-common.tex
\pgfutil@everybye=\toks26
\pgfutil@tempdima=\dimen171
\pgfutil@tempdimb=\dimen172

(H:\tex\tex/generic/pgf/utilities\pgfutil-common-lists.tex))
(H:\tex\tex/generic/pgf/utilities\pgfutil-latex.def
\pgfutil@abb=\box53
)
(H:\tex\tex/generic/pgf/utilities\pgfrcs.code.tex
(H:\tex\tex/generic/pgf\pgf.revision.tex)
Package: pgfrcs 2020/12/01 v3.1.7a (3.1.7a)
))
Package: pgf 2020/12/01 v3.1.7a (3.1.7a)

(H:\tex\tex/latex/pgf/basiclayer\pgfcore.sty
(H:\tex\tex/latex/pgf/systemlayer\pgfsys.sty
(H:\tex\tex/generic/pgf/systemlayer\pgfsys.code.tex
Package: pgfsys 2020/12/01 v3.1.7a (3.1.7a)

(H:\tex\tex/generic/pgf/utilities\pgfkeys.code.tex
\pgfkeys@pathtoks=\toks27
\pgfkeys@temptoks=\toks28

(H:\tex\tex/generic/pgf/utilities\pgfkeysfiltered.code.tex
\pgfkeys@tmptoks=\toks29
))
\pgf@x=\dimen173
\pgf@y=\dimen174
\pgf@xa=\dimen175
\pgf@ya=\dimen176
\pgf@xb=\dimen177
\pgf@yb=\dimen178
\pgf@xc=\dimen179
\pgf@yc=\dimen180
\pgf@xd=\dimen181
\pgf@yd=\dimen182
\w@pgf@writea=\write3
\r@pgf@reada=\read2
\c@pgf@counta=\count299
\c@pgf@countb=\count300
\c@pgf@countc=\count301
\c@pgf@countd=\count302
\t@pgf@toka=\toks30
\t@pgf@tokb=\toks31
\t@pgf@tokc=\toks32
\pgf@sys@id@count=\count303

(H:\tex\tex/generic/pgf/systemlayer\pgf.cfg
File: pgf.cfg 2020/12/01 v3.1.7a (3.1.7a)
)
Driver file for pgf: pgfsys-pdftex.def

(H:\tex\tex/generic/pgf/systemlayer\pgfsys-pdftex.def
File: pgfsys-pdftex.def 2020/12/01 v3.1.7a (3.1.7a)

(H:\tex\tex/generic/pgf/systemlayer\pgfsys-common-pdf.def
File: pgfsys-common-pdf.def 2020/12/01 v3.1.7a (3.1.7a)
)))
(H:\tex\tex/generic/pgf/systemlayer\pgfsyssoftpath.code.tex
File: pgfsyssoftpath.code.tex 2020/12/01 v3.1.7a (3.1.7a)
\pgfsyssoftpath@smallbuffer@items=\count304
\pgfsyssoftpath@bigbuffer@items=\count305
)
(H:\tex\tex/generic/pgf/systemlayer\pgfsysprotocol.code.tex
File: pgfsysprotocol.code.tex 2020/12/01 v3.1.7a (3.1.7a)
))
(H:\tex\tex/latex/xcolor\xcolor.sty
Package: xcolor 2016/05/11 v2.12 LaTeX color extensions (UK)
 (H:\tex\tex/latex/graphics-cfg\color.cfg
File: color.cfg 2016/01/02 v1.6 sample color configuration
)
Package xcolor Info: Driver file: pdftex.def on input line 225.
Package xcolor Info: Model `cmy' substituted by `cmy0' on input line 1348.
Package xcolor Info: Model `hsb' substituted by `rgb' on input line 1352.
Package xcolor Info: Model `RGB' extended on input line 1364.
Package xcolor Info: Model `HTML' substituted by `rgb' on input line 1366.
Package xcolor Info: Model `Hsb' substituted by `hsb' on input line 1367.
Package xcolor Info: Model `tHsb' substituted by `hsb' on input line 1368.
Package xcolor Info: Model `HSB' substituted by `hsb' on input line 1369.
Package xcolor Info: Model `Gray' substituted by `gray' on input line 1370.
Package xcolor Info: Model `wave' substituted by `hsb' on input line 1371.
)
(H:\tex\tex/generic/pgf/basiclayer\pgfcore.code.tex
Package: pgfcore 2020/12/01 v3.1.7a (3.1.7a)

(H:\tex\tex/generic/pgf/math\pgfmath.code.tex
(H:\tex\tex/generic/pgf/math\pgfmathcalc.code.tex
(H:\tex\tex/generic/pgf/math\pgfmathutil.code.tex)
(H:\tex\tex/generic/pgf/math\pgfmathparser.code.tex
\pgfmath@dimen=\dimen183
\pgfmath@count=\count306
\pgfmath@box=\box54
\pgfmath@toks=\toks33
\pgfmath@stack@operand=\toks34
\pgfmath@stack@operation=\toks35
)
(H:\tex\tex/generic/pgf/math\pgfmathfunctions.code.tex
(H:\tex\tex/generic/pgf/math\pgfmathfunctions.basic.code.tex)
(H:\tex\tex/generic/pgf/math\pgfmathfunctions.trigonometric.code.tex)
(H:\tex\tex/generic/pgf/math\pgfmathfunctions.random.code.tex)
(H:\tex\tex/generic/pgf/math\pgfmathfunctions.comparison.code.tex)
(H:\tex\tex/generic/pgf/math\pgfmathfunctions.base.code.tex)
(H:\tex\tex/generic/pgf/math\pgfmathfunctions.round.code.tex)
(H:\tex\tex/generic/pgf/math\pgfmathfunctions.misc.code.tex)
(H:\tex\tex/generic/pgf/math\pgfmathfunctions.integerarithmetics.code.tex)))
(H:\tex\tex/generic/pgf/math\pgfmathfloat.code.tex
\c@pgfmathroundto@lastzeros=\count307
))
(H:\tex\tex/generic/pgf/math\pgfint.code.tex)
(H:\tex\tex/generic/pgf/basiclayer\pgfcorepoints.code.tex
File: pgfcorepoints.code.tex 2020/12/01 v3.1.7a (3.1.7a)
\pgf@picminx=\dimen184
\pgf@picmaxx=\dimen185
\pgf@picminy=\dimen186
\pgf@picmaxy=\dimen187
\pgf@pathminx=\dimen188
\pgf@pathmaxx=\dimen189
\pgf@pathminy=\dimen190
\pgf@pathmaxy=\dimen191
\pgf@xx=\dimen192
\pgf@xy=\dimen193
\pgf@yx=\dimen194
\pgf@yy=\dimen195
\pgf@zx=\dimen196
\pgf@zy=\dimen197
)
(H:\tex\tex/generic/pgf/basiclayer\pgfcorepathconstruct.code.tex
File: pgfcorepathconstruct.code.tex 2020/12/01 v3.1.7a (3.1.7a)
\pgf@path@lastx=\dimen198
\pgf@path@lasty=\dimen199
)
(H:\tex\tex/generic/pgf/basiclayer\pgfcorepathusage.code.tex
File: pgfcorepathusage.code.tex 2020/12/01 v3.1.7a (3.1.7a)
\pgf@shorten@end@additional=\dimen256
\pgf@shorten@start@additional=\dimen257
)
(H:\tex\tex/generic/pgf/basiclayer\pgfcorescopes.code.tex
File: pgfcorescopes.code.tex 2020/12/01 v3.1.7a (3.1.7a)
\pgfpic=\box55
\pgf@hbox=\box56
\pgf@layerbox@main=\box57
\pgf@picture@serial@count=\count308
)
(H:\tex\tex/generic/pgf/basiclayer\pgfcoregraphicstate.code.tex
File: pgfcoregraphicstate.code.tex 2020/12/01 v3.1.7a (3.1.7a)
\pgflinewidth=\dimen258
)
(H:\tex\tex/generic/pgf/basiclayer\pgfcoretransformations.code.tex
File: pgfcoretransformations.code.tex 2020/12/01 v3.1.7a (3.1.7a)
\pgf@pt@x=\dimen259
\pgf@pt@y=\dimen260
\pgf@pt@temp=\dimen261
)
(H:\tex\tex/generic/pgf/basiclayer\pgfcorequick.code.tex
File: pgfcorequick.code.tex 2020/12/01 v3.1.7a (3.1.7a)
)
(H:\tex\tex/generic/pgf/basiclayer\pgfcoreobjects.code.tex
File: pgfcoreobjects.code.tex 2020/12/01 v3.1.7a (3.1.7a)
)
(H:\tex\tex/generic/pgf/basiclayer\pgfcorepathprocessing.code.tex
File: pgfcorepathprocessing.code.tex 2020/12/01 v3.1.7a (3.1.7a)
)
(H:\tex\tex/generic/pgf/basiclayer\pgfcorearrows.code.tex
File: pgfcorearrows.code.tex 2020/12/01 v3.1.7a (3.1.7a)
\pgfarrowsep=\dimen262
)
(H:\tex\tex/generic/pgf/basiclayer\pgfcoreshade.code.tex
File: pgfcoreshade.code.tex 2020/12/01 v3.1.7a (3.1.7a)
\pgf@max=\dimen263
\pgf@sys@shading@range@num=\count309
\pgf@shadingcount=\count310
)
(H:\tex\tex/generic/pgf/basiclayer\pgfcoreimage.code.tex
File: pgfcoreimage.code.tex 2020/12/01 v3.1.7a (3.1.7a)

(H:\tex\tex/generic/pgf/basiclayer\pgfcoreexternal.code.tex
File: pgfcoreexternal.code.tex 2020/12/01 v3.1.7a (3.1.7a)
\pgfexternal@startupbox=\box58
))
(H:\tex\tex/generic/pgf/basiclayer\pgfcorelayers.code.tex
File: pgfcorelayers.code.tex 2020/12/01 v3.1.7a (3.1.7a)
)
(H:\tex\tex/generic/pgf/basiclayer\pgfcoretransparency.code.tex
File: pgfcoretransparency.code.tex 2020/12/01 v3.1.7a (3.1.7a)
)
(H:\tex\tex/generic/pgf/basiclayer\pgfcorepatterns.code.tex
File: pgfcorepatterns.code.tex 2020/12/01 v3.1.7a (3.1.7a)
)
(H:\tex\tex/generic/pgf/basiclayer\pgfcorerdf.code.tex
File: pgfcorerdf.code.tex 2020/12/01 v3.1.7a (3.1.7a)
)))
(H:\tex\tex/generic/pgf/modules\pgfmoduleshapes.code.tex
File: pgfmoduleshapes.code.tex 2020/12/01 v3.1.7a (3.1.7a)
\pgfnodeparttextbox=\box59
)
(H:\tex\tex/generic/pgf/modules\pgfmoduleplot.code.tex
File: pgfmoduleplot.code.tex 2020/12/01 v3.1.7a (3.1.7a)
)
(H:\tex\tex/latex/pgf/compatibility\pgfcomp-version-0-65.sty
Package: pgfcomp-version-0-65 2020/12/01 v3.1.7a (3.1.7a)
\pgf@nodesepstart=\dimen264
\pgf@nodesepend=\dimen265
)
(H:\tex\tex/latex/pgf/compatibility\pgfcomp-version-1-18.sty
Package: pgfcomp-version-1-18 2020/12/01 v3.1.7a (3.1.7a)
))
(H:\tex\tex/latex/pgf/utilities\pgffor.sty
(H:\tex\tex/latex/pgf/utilities\pgfkeys.sty
(H:\tex\tex/generic/pgf/utilities\pgfkeys.code.tex))
(H:\tex\tex/latex/pgf/math\pgfmath.sty
(H:\tex\tex/generic/pgf/math\pgfmath.code.tex))
(H:\tex\tex/generic/pgf/utilities\pgffor.code.tex
Package: pgffor 2020/12/01 v3.1.7a (3.1.7a)

(H:\tex\tex/generic/pgf/math\pgfmath.code.tex)
\pgffor@iter=\dimen266
\pgffor@skip=\dimen267
\pgffor@stack=\toks36
\pgffor@toks=\toks37
))
(H:\tex\tex/generic/pgf/frontendlayer/tikz\tikz.code.tex
Package: tikz 2020/12/01 v3.1.7a (3.1.7a)

(H:\tex\tex/generic/pgf/libraries\pgflibraryplothandlers.code.tex
File: pgflibraryplothandlers.code.tex 2020/12/01 v3.1.7a (3.1.7a)
\pgf@plot@mark@count=\count311
\pgfplotmarksize=\dimen268
)
\tikz@lastx=\dimen269
\tikz@lasty=\dimen270
\tikz@lastxsaved=\dimen271
\tikz@lastysaved=\dimen272
\tikz@lastmovetox=\dimen273
\tikz@lastmovetoy=\dimen274
\tikzleveldistance=\dimen275
\tikzsiblingdistance=\dimen276
\tikz@figbox=\box60
\tikz@figbox@bg=\box61
\tikz@tempbox=\box62
\tikz@tempbox@bg=\box63
\tikztreelevel=\count312
\tikznumberofchildren=\count313
\tikznumberofcurrentchild=\count314
\tikz@fig@count=\count315

(H:\tex\tex/generic/pgf/modules\pgfmodulematrix.code.tex
File: pgfmodulematrix.code.tex 2020/12/01 v3.1.7a (3.1.7a)
\pgfmatrixcurrentrow=\count316
\pgfmatrixcurrentcolumn=\count317
\pgf@matrix@numberofcolumns=\count318
)
\tikz@expandcount=\count319

(H:\tex\tex/generic/pgf/frontendlayer/tikz/libraries\tikzlibrarytopaths.code.te
x
File: tikzlibrarytopaths.code.tex 2020/12/01 v3.1.7a (3.1.7a)
)))
(H:\tex\tex/generic/pgf/frontendlayer/tikz/libraries\tikzlibraryshapes.geometri
c.code.tex
File: tikzlibraryshapes.geometric.code.tex 2020/12/01 v3.1.7a (3.1.7a)

(H:\tex\tex/generic/pgf/libraries/shapes\pgflibraryshapes.geometric.code.tex
File: pgflibraryshapes.geometric.code.tex 2020/12/01 v3.1.7a (3.1.7a)
))
(H:\tex\tex/generic/pgf/frontendlayer/tikz/libraries\tikzlibraryarrows.code.tex
File: tikzlibraryarrows.code.tex 2020/12/01 v3.1.7a (3.1.7a)
(H:\tex\tex/generic/pgf/libraries\pgflibraryarrows.code.tex
File: pgflibraryarrows.code.tex 2020/12/01 v3.1.7a (3.1.7a)
\arrowsize=\dimen277
))

Package geometry Warning: Over-specification in `h'-direction.
    `width' (455.24408pt) is ignored.


Package geometry Warning: Over-specification in `v'-direction.
    `height' (702.78307pt) is ignored.

(text/tuviettat.tex
\g__acro_snr_int=\count320
\g__acro_cnn_int=\count321
\g__acro_ofdm_int=\count322
\g__acro_vlc_int=\count323
\g__acro_rmse_int=\count324
\g__acro_ieee_int=\count325
)
Package translations Info: No language package found. I am going to use `englis
h' as default language. on input line 192.
 (thesis.aux

LaTeX Warning: Label `fig:pho-ofdm' multiply defined.


LaTeX Warning: Label `fig:pho-ofdm' multiply defined.


LaTeX Warning: Label `fig:pho-ofdm' multiply defined.


LaTeX Warning: Label `fig:pho-ofdm' multiply defined.


LaTeX Warning: Label `fig:pho-ofdm' multiply defined.


LaTeX Warning: Label `fig:pho-ofdm' multiply defined.


LaTeX Warning: Label `fig:pho-ofdm' multiply defined.


LaTeX Warning: Label `fig:pho-ofdm' multiply defined.


LaTeX Warning: Label `fig:pho-ofdm' multiply defined.


LaTeX Warning: Label `fig:pho-ofdm' multiply defined.


LaTeX Warning: Label `fig:pho-ofdm' multiply defined.


LaTeX Warning: Label `fig:pho-ofdm' multiply defined.


LaTeX Warning: Label `fig:pho-ofdm' multiply defined.


LaTeX Warning: Label `fig:pho-ofdm' multiply defined.


LaTeX Warning: Label `fig:pho-ofdm' multiply defined.

(thesis.acr))
\openout1 = `thesis.aux'.

LaTeX Font Info:    Checking defaults for OML/cmm/m/it on input line 192.
LaTeX Font Info:    ... okay on input line 192.
LaTeX Font Info:    Checking defaults for OMS/cmsy/m/n on input line 192.
LaTeX Font Info:    ... okay on input line 192.
LaTeX Font Info:    Checking defaults for OT1/cmr/m/n on input line 192.
LaTeX Font Info:    ... okay on input line 192.
LaTeX Font Info:    Checking defaults for T1/cmr/m/n on input line 192.
LaTeX Font Info:    ... okay on input line 192.
LaTeX Font Info:    Checking defaults for TS1/cmr/m/n on input line 192.
LaTeX Font Info:    ... okay on input line 192.
LaTeX Font Info:    Checking defaults for OMX/cmex/m/n on input line 192.
LaTeX Font Info:    ... okay on input line 192.
LaTeX Font Info:    Checking defaults for U/cmr/m/n on input line 192.
LaTeX Font Info:    ... okay on input line 192.
LaTeX Font Info:    Checking defaults for T5/cmr/m/n on input line 192.
LaTeX Font Info:    ... okay on input line 192.
LaTeX Font Info:    Checking defaults for PD1/pdf/m/n on input line 192.
LaTeX Font Info:    ... okay on input line 192.

*geometry* driver: auto-detecting
*geometry* detected driver: pdftex
*geometry* verbose mode - [ preamble ] result:
* driver: pdftex
* paper: a4paper
* layout: <same size as paper>
* layoutoffset:(h,v)=(0.0pt,0.0pt)
* modes: twoside 
* h-part:(L,W,R)=(71.13188pt, 455.24411pt, 71.13188pt)
* v-part:(T,H,B)=(71.13188pt, 702.78308pt, 71.13188pt)
* \paperwidth=597.50787pt
* \paperheight=845.04684pt
* \textwidth=455.24411pt
* \textheight=702.78308pt
* \oddsidemargin=-1.1381pt
* \evensidemargin=-1.1381pt
* \topmargin=-33.0119pt
* \headheight=12.0pt
* \headsep=19.8738pt
* \topskip=12.0pt
* \footskip=30.0pt
* \marginparwidth=88.0pt
* \marginparsep=7.0pt
* \columnsep=10.0pt
* \skip\footins=10.8pt plus 4.0pt minus 2.0pt
* \hoffset=0.0pt
* \voffset=0.0pt
* \mag=1000
* \@twocolumnfalse
* \@twosidetrue
* \@mparswitchtrue
* \@reversemarginfalse
* (1in=72.27pt=25.4mm, 1cm=28.453pt)

(H:\tex\tex/context/base/mkii\supp-pdf.mkii
[Loading MPS to PDF converter (version 2006.09.02).]
\scratchcounter=\count326
\scratchdimen=\dimen278
\scratchbox=\box64
\nofMPsegments=\count327
\nofMParguments=\count328
\everyMPshowfont=\toks38
\MPscratchCnt=\count329
\MPscratchDim=\dimen279
\MPnumerator=\count330
\makeMPintoPDFobject=\count331
\everyMPtoPDFconversion=\toks39
) (H:\tex\tex/latex/epstopdf-pkg\epstopdf-base.sty
Package: epstopdf-base 2020-01-24 v2.11 Base part for package epstopdf
Package epstopdf-base Info: Redefining graphics rule for `.eps' on input line 4
85.
)
Package hyperref Info: Link coloring ON on input line 192.

(H:\tex\tex/latex/hyperref\nameref.sty
Package: nameref 2019/09/16 v2.46 Cross-referencing by name of section
 (H:\tex\tex/latex/refcount\refcount.sty
Package: refcount 2019/12/15 v3.6 Data extraction from label references (HO)
) (H:\tex\tex/generic/gettitlestring\gettitlestring.sty
Package: gettitlestring 2019/12/15 v1.6 Cleanup title references (HO)
)
\c@section@level=\count332
)
LaTeX Info: Redefining \ref on input line 192.
LaTeX Info: Redefining \pageref on input line 192.
LaTeX Info: Redefining \nameref on input line 192.
 (thesis.out)
(thesis.out)
\@outlinefile=\write4
\openout4 = `thesis.out'.

\l__acro_aux_file_iow=\write5
\openout5 = `thesis.acr'.


(H:\tex\tex/latex/translations/dicts\translations-basic-dictionary-english.trsl
File: translations-basic-dictionary-english.trsl (english translation file `tra
nslations-basic-dictionary')
)
Package translations Info: loading dictionary `translations-basic-dictionary' f
or `english'. on input line 192.
\c@lstlisting=\count333
LaTeX Font Info:    Calculating math sizes for size <20> on input line 194.


LaTeX Font Warning: Font shape `OT1/cmr/m/n' in size <20> not available
(Font)              size <20.74> substituted on input line 194.


LaTeX Font Warning: Font shape `OT1/cmr/m/n' in size <13.99994> not available
(Font)              size <14.4> substituted on input line 194.


LaTeX Font Warning: Font shape `OML/cmm/m/it' in size <20> not available
(Font)              size <20.74> substituted on input line 194.


LaTeX Font Warning: Font shape `OML/cmm/m/it' in size <13.99994> not available
(Font)              size <14.4> substituted on input line 194.


LaTeX Font Warning: Font shape `OMS/cmsy/m/n' in size <20> not available
(Font)              size <20.74> substituted on input line 194.


LaTeX Font Warning: Font shape `OMS/cmsy/m/n' in size <13.99994> not available
(Font)              size <14.4> substituted on input line 194.


LaTeX Font Warning: Font shape `OMX/cmex/m/n' in size <20> not available
(Font)              size <20.74> substituted on input line 194.


LaTeX Font Warning: Font shape `OMX/cmex/m/n' in size <13.99994> not available
(Font)              size <14.4> substituted on input line 194.

<./figure//hcmut_logo.jpg, id=110, 207.77625pt x 208.78pt>
File: ./figure//hcmut_logo.jpg Graphic file (type jpg)
<use ./figure//hcmut_logo.jpg>
Package pdftex.def Info: ./figure//hcmut_logo.jpg  used on input line 194.
(pdftex.def)             Requested size: 47.79987pt x 48.03111pt.

Overfull \hbox (70.89632pt too wide) in paragraph at lines 194--194
[]$[]$ $[]$ 
 []


Underfull \vbox (badness 10000) has occurred while \output is active []

 [1

]
Overfull \vbox (22.76219pt too high) has occurred while \output is active []


[2{C:/Users/Admin/AppData/Local/MiKTeX/pdftex/config/pdftex.map} <./figure//hcm
ut_logo.jpg>]
Overfull \hbox (20.2353pt too wide) in paragraph at lines 196--196
[]$[]$ $[]$ 
 []


Overfull \hbox (20.2353pt too wide) in paragraph at lines 196--196
[]$[]$ $[]$ 
 []


Underfull \hbox (badness 10000) in paragraph at lines 196--196

 []

[3

] [4

] (text/loicamon.tex) [1

] [2

] [3] [4

] (text/tomtatviet.tex) [5] [6

]
(text/tomtateng.tex) [7] [8

] (thesis.toc)
\tf@toc=\write6
\openout6 = `thesis.toc'.

 [9] [10

] (thesis.lof)
\tf@lof=\write7
\openout7 = `thesis.lof'.

 [11] [12

]
(thesis.lot)
\tf@lot=\write8
\openout8 = `thesis.lot'.

 [13] [14

] [15] [16

] (text/chuong1.tex
Ch\uhorn \ohorn ng 1.

Package hyperref Warning: Composite letter `\textacute+\ohorn'
(hyperref)                not defined in PD1 encoding,
(hyperref)                removing `\textacute' on input line 1.


Package hyperref Warning: Glyph not defined in PD1 encoding,
(hyperref)                removing `\ohorn' on input line 1.


Package hyperref Warning: Composite letter `\textdotbelow+\ecircumflex'
(hyperref)                not defined in PD1 encoding,
(hyperref)                removing `\textdotbelow' on input line 1.


Package hyperref Warning: Glyph not defined in PD1 encoding,
(hyperref)                removing `\ecircumflex' on input line 1.


Package hyperref Warning: Composite letter `\textdotbelow+\abreve'
(hyperref)                not defined in PD1 encoding,
(hyperref)                removing `\textdotbelow' on input line 3.


Package hyperref Warning: Glyph not defined in PD1 encoding,
(hyperref)                removing `\abreve' on input line 3.


Package hyperref Warning: Composite letter `\textacute+\acircumflex'
(hyperref)                not defined in PD1 encoding,
(hyperref)                removing `\textacute' on input line 3.


Package hyperref Warning: Glyph not defined in PD1 encoding,
(hyperref)                removing `\acircumflex' on input line 3.


Package hyperref Warning: Glyph not defined in PD1 encoding,
(hyperref)                removing `\dj' on input line 3.


Package hyperref Warning: Composite letter `\textasciigrave+\ecircumflex'
(hyperref)                not defined in PD1 encoding,
(hyperref)                removing `\textasciigrave' on input line 3.


Package hyperref Warning: Glyph not defined in PD1 encoding,
(hyperref)                removing `\ecircumflex' on input line 3.


Package hyperref Warning: Composite letter `\textdotbelow+a'
(hyperref)                not defined in PD1 encoding,
(hyperref)                removing `\textdotbelow' on input line 22.


Package hyperref Warning: Glyph not defined in PD1 encoding,
(hyperref)                removing `\uhorn' on input line 22.


Package hyperref Warning: Glyph not defined in PD1 encoding,
(hyperref)                removing `\ohorn' on input line 22.


Package hyperref Warning: Composite letter `\textacute+\uhorn'
(hyperref)                not defined in PD1 encoding,
(hyperref)                removing `\textacute' on input line 22.


Package hyperref Warning: Glyph not defined in PD1 encoding,
(hyperref)                removing `\uhorn' on input line 22.

) (text/chuong2.texpdfTeX warning (ext4): destination with the same identifier 
(name{page.1}) has been already used, duplicate ignored
<to be read again> 
                   \relax 
l.1 \chapter
            {C s l thuyt} \label{sec:chuong-2} [1

]

Package fancyhdr Warning: \headheight is too small (12.0pt): 
(fancyhdr)                Make it at least 14.93912pt, for example:
(fancyhdr)                \setlength{\headheight}{14.93912pt}.
(fancyhdr)                You might also make \topmargin smaller to compensate:

(fancyhdr)                \addtolength{\topmargin}{-2.93912pt}.

pdfTeX warning (ext4): destination with the same identifier (name{page.2}) has 
been already used, duplicate ignored
<to be read again> 
                   \relax 
l.1 \chapter
            {C s l thuyt} \label{sec:chuong-2} [2

]
Ch\uhorn \ohorn ng 2.

Package hyperref Warning: Glyph not defined in PD1 encoding,
(hyperref)                removing `\ohorn' on input line 1.


Package hyperref Warning: Glyph not defined in PD1 encoding,
(hyperref)                removing `\h' on input line 1.


Package hyperref Warning: Glyph not defined in PD1 encoding,
(hyperref)                removing `\ohorn' on input line 1.


Package hyperref Warning: Composite letter `\textacute+\ecircumflex'
(hyperref)                not defined in PD1 encoding,
(hyperref)                removing `\textacute' on input line 1.


Package hyperref Warning: Glyph not defined in PD1 encoding,
(hyperref)                removing `\ecircumflex' on input line 1.


Package hyperref Warning: Composite letter `\textacute+\ecircumflex'
(hyperref)                not defined in PD1 encoding,
(hyperref)                removing `\textacute' on input line 3.


Package hyperref Warning: Glyph not defined in PD1 encoding,
(hyperref)                removing `\ecircumflex' on input line 3.


Package hyperref Warning: Composite letter `\textasciigrave+\ecircumflex'
(hyperref)                not defined in PD1 encoding,
(hyperref)                removing `\textasciigrave' on input line 3.


Package hyperref Warning: Glyph not defined in PD1 encoding,
(hyperref)                removing `\ecircumflex' on input line 3.


Package hyperref Warning: Glyph not defined in PD1 encoding,
(hyperref)                removing `\h' on input line 3.


Package hyperref Warning: Glyph not defined in PD1 encoding,
(hyperref)                removing `\uhorn' on input line 3.


Package hyperref Warning: Glyph not defined in PD1 encoding,
(hyperref)                removing `\h' on input line 3.


Package hyperref Warning: Composite letter `\textdotbelow+a'
(hyperref)                not defined in PD1 encoding,
(hyperref)                removing `\textdotbelow' on input line 5.


Package hyperref Warning: Composite letter `\textdotbelow+\acircumflex'
(hyperref)                not defined in PD1 encoding,
(hyperref)                removing `\textdotbelow' on input line 5.


Package hyperref Warning: Glyph not defined in PD1 encoding,
(hyperref)                removing `\acircumflex' on input line 5.

<./figure//tichchap_ct.png, id=290, 522.45187pt x 118.94438pt>
File: ./figure//tichchap_ct.png Graphic file (type png)
<use ./figure//tichchap_ct.png>
Package pdftex.def Info: ./figure//tichchap_ct.png  used on input line 12.
(pdftex.def)             Requested size: 341.43307pt x 77.73398pt.
<./figure//tichchap.png, id=292, 451.6875pt x 489.32813pt>
File: ./figure//tichchap.png Graphic file (type png)
<use ./figure//tichchap.png>
Package pdftex.def Info: ./figure//tichchap.png  used on input line 24.
(pdftex.def)             Requested size: 341.43307pt x 369.90714pt.

LaTeX Warning: `!h' float specifier changed to `!ht'.

<./figure//matconv.png, id=293, 612.03656pt x 159.59625pt>
File: ./figure//matconv.png Graphic file (type png)
<use ./figure//matconv.png>
Package pdftex.def Info: ./figure//matconv.png  used on input line 38.
(pdftex.def)             Requested size: 227.62206pt x 59.35408pt.

LaTeX Warning: `!h' float specifier changed to `!ht'.

pdfTeX warning (ext4): destination with the same identifier (name{page.3}) has 
been already used, duplicate ignored
<to be read again> 
                   \relax 
l.58 	
       [3 <./figure//tichchap_ct.png>]
<./figure//cnn_1.png, id=300, 451.6875pt x 144.54pt>
File: ./figure//cnn_1.png Graphic file (type png)
<use ./figure//cnn_1.png>
Package pdftex.def Info: ./figure//cnn_1.png  used on input line 63.
(pdftex.def)             Requested size: 341.43307pt x 109.26486pt.


LaTeX Warning: `!h' float specifier changed to `!ht'.


Package fancyhdr Warning: \headheight is too small (12.0pt): 
(fancyhdr)                Make it at least 14.93912pt, for example:
(fancyhdr)                \setlength{\headheight}{14.93912pt}.
(fancyhdr)                You might also make \topmargin smaller to compensate:

(fancyhdr)                \addtolength{\topmargin}{-2.93912pt}.

pdfTeX warning (ext4): destination with the same identifier (name{page.4}) has 
been already used, duplicate ignored
<to be read again> 
                   \relax 
l.74 	
       [4 <./figure//tichchap.png> <./figure//matconv.png>]

Package fancyhdr Warning: \headheight is too small (12.0pt): 
(fancyhdr)                Make it at least 14.93912pt, for example:
(fancyhdr)                \setlength{\headheight}{14.93912pt}.
(fancyhdr)                You might also make \topmargin smaller to compensate:

(fancyhdr)                \addtolength{\topmargin}{-2.93912pt}.

[5 <./figure//cnn_1.png>]
<./figure//cnn_3.png, id=311, 358.33875pt x 172.39406pt>
File: ./figure//cnn_3.png Graphic file (type png)
<use ./figure//cnn_3.png>
Package pdftex.def Info: ./figure//cnn_3.png  used on input line 118.
(pdftex.def)             Requested size: 341.43307pt x 164.27058pt.
LaTeX Font Info:    Trying to load font information for T5+cmtt on input line 1
27.
 (H:\tex\tex/latex/vntex\t5cmtt.fd
File: t5cmtt.fd 1999/05/25 v2.5h Standard LaTeX font definitions
)
<./figure//RNN-rolled.png, id=314, 165.4983pt x 256.91985pt>
File: ./figure//RNN-rolled.png Graphic file (type png)
<use ./figure//RNN-rolled.png>
Package pdftex.def Info: ./figure//RNN-rolled.png  used on input line 135.
(pdftex.def)             Requested size: 113.81102pt x 176.6829pt.


LaTeX Warning: `!h' float specifier changed to `!ht'.

<./figure//RNN-unrolled.png, id=315, 977.8131pt x 256.91985pt>
File: ./figure//RNN-unrolled.png Graphic file (type png)
<use ./figure//RNN-unrolled.png>
Package pdftex.def Info: ./figure//RNN-unrolled.png  used on input line 146.
(pdftex.def)             Requested size: 341.43307pt x 89.7116pt.

LaTeX Warning: `!h' float specifier changed to `!ht'.

<./figure//RNN-longtermdependencies.png, id=316, 911.68605pt x 314.01315pt>
File: ./figure//RNN-longtermdependencies.png Graphic file (type png)
<use ./figure//RNN-longtermdependencies.png>
Package pdftex.def Info: ./figure//RNN-longtermdependencies.png  used on input 
line 158.
(pdftex.def)             Requested size: 341.43307pt x 117.6013pt.

Package fancyhdr Warning: \headheight is too small (12.0pt): 
(fancyhdr)                Make it at least 14.93912pt, for example:
(fancyhdr)                \setlength{\headheight}{14.93912pt}.
(fancyhdr)                You might also make \topmargin smaller to compensate:

(fancyhdr)                \addtolength{\topmargin}{-2.93912pt}.

[6 <./figure//cnn_3.png>]
<./figure//RNN-shorttermdepdencies.png, id=324, 670.30424pt x 308.95425pt>
File: ./figure//RNN-shorttermdepdencies.png Graphic file (type png)
<use ./figure//RNN-shorttermdepdencies.png>
Package pdftex.def Info: ./figure//RNN-shorttermdepdencies.png  used on input l
ine 170.
(pdftex.def)             Requested size: 341.43307pt x 157.376pt.


LaTeX Warning: `!h' float specifier changed to `!ht'.

<./figure//LSTM3-chain.png, id=325, 806.89455pt x 303.17265pt>
File: ./figure//LSTM3-chain.png Graphic file (type png)
<use ./figure//LSTM3-chain.png>
Package pdftex.def Info: ./figure//LSTM3-chain.png  used on input line 184.
(pdftex.def)             Requested size: 341.43307pt x 128.2846pt.

Package fancyhdr Warning: \headheight is too small (12.0pt): 
(fancyhdr)                Make it at least 14.93912pt, for example:
(fancyhdr)                \setlength{\headheight}{14.93912pt}.
(fancyhdr)                You might also make \topmargin smaller to compensate:

(fancyhdr)                \addtolength{\topmargin}{-2.93912pt}.

[7 <./figure//RNN-rolled.png> <./figure//RNN-unrolled.png> <./figure//RNN-longt
ermdependencies.png>]
<./figure//LSTM3-focus-f.png, id=333, 659.8251pt x 203.8014pt>
File: ./figure//LSTM3-focus-f.png Graphic file (type png)
<use ./figure//LSTM3-focus-f.png>
Package pdftex.def Info: ./figure//LSTM3-focus-f.png  used on input line 194.
(pdftex.def)             Requested size: 341.43307pt x 105.458pt.
File: ./figure//LSTM3-focus-f.png Graphic file (type png)
<use ./figure//LSTM3-focus-f.png>
Package pdftex.def Info: ./figure//LSTM3-focus-f.png  used on input line 205.
(pdftex.def)             Requested size: 341.43307pt x 105.458pt.


LaTeX Warning: `!h' float specifier changed to `!ht'.

<./figure//LSTM3-focus-i.png, id=334, 659.8251pt x 203.8014pt>
File: ./figure//LSTM3-focus-i.png Graphic file (type png)
<use ./figure//LSTM3-focus-i.png>
Package pdftex.def Info: ./figure//LSTM3-focus-i.png  used on input line 216.
(pdftex.def)             Requested size: 341.43307pt x 105.458pt.

LaTeX Warning: `!h' float specifier changed to `!ht'.

<./figure//LSTM3-focus-C.png, id=335, 659.8251pt x 203.8014pt>
File: ./figure//LSTM3-focus-C.png Graphic file (type png)
<use ./figure//LSTM3-focus-C.png>
Package pdftex.def Info: ./figure//LSTM3-focus-C.png  used on input line 228.
(pdftex.def)             Requested size: 341.43307pt x 105.458pt.

LaTeX Warning: `!h' float specifier changed to `!ht'.


Package fancyhdr Warning: \headheight is too small (12.0pt): 
(fancyhdr)                Make it at least 14.93912pt, for example:
(fancyhdr)                \setlength{\headheight}{14.93912pt}.
(fancyhdr)                You might also make \topmargin smaller to compensate:

(fancyhdr)                \addtolength{\topmargin}{-2.93912pt}.

[8 <./figure//RNN-shorttermdepdencies.png> <./figure//LSTM3-chain.png> <./figur
e//LSTM3-focus-f.png>]
<./figure//LSTM3-focus-o.png, id=346, 659.8251pt x 203.8014pt>
File: ./figure//LSTM3-focus-o.png Graphic file (type png)
<use ./figure//LSTM3-focus-o.png>
Package pdftex.def Info: ./figure//LSTM3-focus-o.png  used on input line 241.
(pdftex.def)             Requested size: 341.43307pt x 105.458pt.


Package fancyhdr Warning: \headheight is too small (12.0pt): 
(fancyhdr)                Make it at least 14.93912pt, for example:
(fancyhdr)                \setlength{\headheight}{14.93912pt}.
(fancyhdr)                You might also make \topmargin smaller to compensate:

(fancyhdr)                \addtolength{\topmargin}{-2.93912pt}.

[9 <./figure//LSTM3-focus-i.png> <./figure//LSTM3-focus-C.png> <./figure//LSTM3
-focus-o.png>]

Package hyperref Warning: Glyph not defined in PD1 encoding,
(hyperref)                removing `\h' on input line 249.


Package hyperref Warning: Glyph not defined in PD1 encoding,
(hyperref)                removing `\uhorn' on input line 249.


Package hyperref Warning: Composite letter `\textdotbelow+u'
(hyperref)                not defined in PD1 encoding,
(hyperref)                removing `\textdotbelow' on input line 249.


Package hyperref Warning: Composite letter `\textdotbelow+\acircumflex'
(hyperref)                not defined in PD1 encoding,
(hyperref)                removing `\textdotbelow' on input line 249.


Package hyperref Warning: Glyph not defined in PD1 encoding,
(hyperref)                removing `\acircumflex' on input line 249.


Package hyperref Warning: Glyph not defined in PD1 encoding,
(hyperref)                removing `\u' on input line 249.


Package hyperref Warning: Composite letter `\textacute+\ecircumflex'
(hyperref)                not defined in PD1 encoding,
(hyperref)                removing `\textacute' on input line 270.


Package hyperref Warning: Glyph not defined in PD1 encoding,
(hyperref)                removing `\ecircumflex' on input line 270.


Package hyperref Warning: Glyph not defined in PD1 encoding,
(hyperref)                removing `\uhorn' on input line 270.


Package hyperref Warning: Glyph not defined in PD1 encoding,
(hyperref)                removing `\ohorn' on input line 270.


Package hyperref Warning: Glyph not defined in PD1 encoding,
(hyperref)                removing `\ohorn' on input line 270.


Package hyperref Warning: Glyph not defined in PD1 encoding,
(hyperref)                removing `\h' on input line 270.


Package hyperref Warning: Glyph not defined in PD1 encoding,
(hyperref)                removing `\ohorn' on input line 270.


Package hyperref Warning: Composite letter `\textacute+\ecircumflex'
(hyperref)                not defined in PD1 encoding,
(hyperref)                removing `\textacute' on input line 270.


Package hyperref Warning: Glyph not defined in PD1 encoding,
(hyperref)                removing `\ecircumflex' on input line 270.


Package hyperref Warning: Composite letter `\textdotbelow+\ocircumflex'
(hyperref)                not defined in PD1 encoding,
(hyperref)                removing `\textdotbelow' on input line 272.


Package hyperref Warning: Glyph not defined in PD1 encoding,
(hyperref)                removing `\ocircumflex' on input line 272.


Package fancyhdr Warning: \headheight is too small (12.0pt): 
(fancyhdr)                Make it at least 14.93912pt, for example:
(fancyhdr)                \setlength{\headheight}{14.93912pt}.
(fancyhdr)                You might also make \topmargin smaller to compensate:

(fancyhdr)                \addtolength{\topmargin}{-2.93912pt}.

[10]

Package hyperref Warning: Composite letter `\textacute+\ecircumflex'
(hyperref)                not defined in PD1 encoding,
(hyperref)                removing `\textacute' on input line 296.


Package hyperref Warning: Glyph not defined in PD1 encoding,
(hyperref)                removing `\ecircumflex' on input line 296.


Package hyperref Warning: Composite letter `\textacute+\abreve'
(hyperref)                not defined in PD1 encoding,
(hyperref)                removing `\textacute' on input line 296.


Package hyperref Warning: Glyph not defined in PD1 encoding,
(hyperref)                removing `\abreve' on input line 296.


Package hyperref Warning: Composite letter `\textacute+\ecircumflex'
(hyperref)                not defined in PD1 encoding,
(hyperref)                removing `\textacute' on input line 314.


Package hyperref Warning: Glyph not defined in PD1 encoding,
(hyperref)                removing `\ecircumflex' on input line 314.


Package hyperref Warning: Composite letter `\textacute+\uhorn'
(hyperref)                not defined in PD1 encoding,
(hyperref)                removing `\textacute' on input line 314.


Package hyperref Warning: Glyph not defined in PD1 encoding,
(hyperref)                removing `\uhorn' on input line 314.


Package hyperref Warning: Composite letter `\textdotbelow+o'
(hyperref)                not defined in PD1 encoding,
(hyperref)                removing `\textdotbelow' on input line 314.


Package fancyhdr Warning: \headheight is too small (12.0pt): 
(fancyhdr)                Make it at least 14.93912pt, for example:
(fancyhdr)                \setlength{\headheight}{14.93912pt}.
(fancyhdr)                You might also make \topmargin smaller to compensate:

(fancyhdr)                \addtolength{\topmargin}{-2.93912pt}.

[11]

Package hyperref Warning: Composite letter `\texttilde+e'
(hyperref)                not defined in PD1 encoding,
(hyperref)                removing `\texttilde' on input line 375.

<./figure//ofdm.png, id=378, 423.181pt x 378.213pt>
File: ./figure//ofdm.png Graphic file (type png)
<use ./figure//ofdm.png>
Package pdftex.def Info: ./figure//ofdm.png  used on input line 394.
(pdftex.def)             Requested size: 341.43307pt x 305.16777pt.

Package hyperref Warning: Glyph not defined in PD1 encoding,
(hyperref)                removing `\h' on input line 400.


Package hyperref Warning: Glyph not defined in PD1 encoding,
(hyperref)                removing `\uhorn' on input line 400.


Package hyperref Warning: Composite letter `\textdotbelow+u'
(hyperref)                not defined in PD1 encoding,
(hyperref)                removing `\textdotbelow' on input line 400.


Package hyperref Warning: Composite letter `\textdotbelow+\ecircumflex'
(hyperref)                not defined in PD1 encoding,
(hyperref)                removing `\textdotbelow' on input line 400.


Package hyperref Warning: Glyph not defined in PD1 encoding,
(hyperref)                removing `\ecircumflex' on input line 400.


Package hyperref Warning: Glyph not defined in PD1 encoding,
(hyperref)                removing `\h' on input line 400.


Package fancyhdr Warning: \headheight is too small (12.0pt): 
(fancyhdr)                Make it at least 14.93912pt, for example:
(fancyhdr)                \setlength{\headheight}{14.93912pt}.
(fancyhdr)                You might also make \topmargin smaller to compensate:

(fancyhdr)                \addtolength{\topmargin}{-2.93912pt}.

[12]

Package fancyhdr Warning: \headheight is too small (12.0pt): 
(fancyhdr)                Make it at least 14.93912pt, for example:
(fancyhdr)                \setlength{\headheight}{14.93912pt}.
(fancyhdr)                You might also make \topmargin smaller to compensate:

(fancyhdr)                \addtolength{\topmargin}{-2.93912pt}.

[13 <./figure//ofdm.png (PNG copy)>]
Overfull \hbox (0.88889pt too wide) in paragraph at lines 432--439
[]\T5/cmr/m/n/12 Khi copy thng tin trn, sinh vin s thy dng u tin c d
ng ``@AR-TI-CLE{380108,''.
 []


Package hyperref Warning: Composite letter `\textacute+\ecircumflex'
(hyperref)                not defined in PD1 encoding,
(hyperref)                removing `\textacute' on input line 444.


Package hyperref Warning: Glyph not defined in PD1 encoding,
(hyperref)                removing `\ecircumflex' on input line 444.


Package hyperref Warning: Composite letter `\textdotbelow+\acircumflex'
(hyperref)                not defined in PD1 encoding,
(hyperref)                removing `\textdotbelow' on input line 444.


Package hyperref Warning: Glyph not defined in PD1 encoding,
(hyperref)                removing `\acircumflex' on input line 444.


Package hyperref Warning: Glyph not defined in PD1 encoding,
(hyperref)                removing `\uhorn' on input line 444.


Package hyperref Warning: Glyph not defined in PD1 encoding,
(hyperref)                removing `\ohorn' on input line 444.

) (text/chuong3.tex

Package fancyhdr Warning: \headheight is too small (12.0pt): 
(fancyhdr)                Make it at least 14.93912pt, for example:
(fancyhdr)                \setlength{\headheight}{14.93912pt}.
(fancyhdr)                You might also make \topmargin smaller to compensate:

(fancyhdr)                \addtolength{\topmargin}{-2.93912pt}.

[14]
Ch\uhorn \ohorn ng 3.

Package hyperref Warning: Composite letter `\textacute+\ecircumflex'
(hyperref)                not defined in PD1 encoding,
(hyperref)                removing `\textacute' on input line 1.


Package hyperref Warning: Glyph not defined in PD1 encoding,
(hyperref)                removing `\ecircumflex' on input line 1.


Package hyperref Warning: Glyph not defined in PD1 encoding,
(hyperref)                removing `\h' on input line 1.


Package hyperref Warning: Composite letter `\textacute+\uhorn'
(hyperref)                not defined in PD1 encoding,
(hyperref)                removing `\textacute' on input line 1.


Package hyperref Warning: Glyph not defined in PD1 encoding,
(hyperref)                removing `\uhorn' on input line 1.


Package hyperref Warning: Glyph not defined in PD1 encoding,
(hyperref)                removing `\uhorn' on input line 3.


Package hyperref Warning: Glyph not defined in PD1 encoding,
(hyperref)                removing `\ohorn' on input line 3.


Package hyperref Warning: Composite letter `\textacute+\ecircumflex'
(hyperref)                not defined in PD1 encoding,
(hyperref)                removing `\textacute' on input line 3.


Package hyperref Warning: Glyph not defined in PD1 encoding,
(hyperref)                removing `\ecircumflex' on input line 3.


Package hyperref Warning: Composite letter `\textdotbelow+\acircumflex'
(hyperref)                not defined in PD1 encoding,
(hyperref)                removing `\textdotbelow' on input line 3.


Package hyperref Warning: Glyph not defined in PD1 encoding,
(hyperref)                removing `\acircumflex' on input line 3.

[15

]
Overfull \hbox (1.2266pt too wide) in paragraph at lines 51--51
 [][]\T5/cmr/m/n/10.95 Buffer 
 []


Overfull \hbox (1.2266pt too wide) in paragraph at lines 53--53
 [][]\T5/cmr/m/n/10.95 Buffer 
 []


Package hyperref Warning: Composite letter `\textacute+\ecircumflex'
(hyperref)                not defined in PD1 encoding,
(hyperref)                removing `\textacute' on input line 102.


Package hyperref Warning: Glyph not defined in PD1 encoding,
(hyperref)                removing `\ecircumflex' on input line 102.


Package hyperref Warning: Glyph not defined in PD1 encoding,
(hyperref)                removing `\h' on input line 102.


Package fancyhdr Warning: \headheight is too small (12.0pt): 
(fancyhdr)                Make it at least 14.93912pt, for example:
(fancyhdr)                \setlength{\headheight}{14.93912pt}.
(fancyhdr)                You might also make \topmargin smaller to compensate:

(fancyhdr)                \addtolength{\topmargin}{-2.93912pt}.

[16]
Package epstopdf Info: Source file: <./figure//thailand_conf_all_sugar.eps>
(epstopdf)                    date: 2020-07-24 07:49:34
(epstopdf)                    size: 60712 bytes
(epstopdf)             Output file: <./figure//thailand_conf_all_sugar-eps-conv
erted-to.pdf>
(epstopdf)                    date: 2020-07-24 07:49:34
(epstopdf)                    size: 20153 bytes
(epstopdf)             Command: <epstopdf --outfile=./figure//thailand_conf_all
_sugar-eps-converted-to.pdf ./figure//thailand_conf_all_sugar.eps>
(epstopdf)             \includegraphics on input line 117.
Package epstopdf Info: Output file is already uptodate.


pdfTeX warning: pdflatex.exe (file ./figure//thailand_conf_all_sugar-eps-conver
ted-to.pdf): PDF inclusion: found PDF version <1.7>, but at most version <1.5> 
allowed
<./figure//thailand_conf_all_sugar-eps-converted-to.pdf, id=428, 421.575pt x 31
6.18124pt>
File: ./figure//thailand_conf_all_sugar-eps-converted-to.pdf Graphic file (type
 pdf)
<use ./figure//thailand_conf_all_sugar-eps-converted-to.pdf>
Package pdftex.def Info: ./figure//thailand_conf_all_sugar-eps-converted-to.pdf
  used on input line 117.
(pdftex.def)             Requested size: 341.43307pt x 256.08127pt.

Package fancyhdr Warning: \headheight is too small (12.0pt): 
(fancyhdr)                Make it at least 14.93912pt, for example:
(fancyhdr)                \setlength{\headheight}{14.93912pt}.
(fancyhdr)                You might also make \topmargin smaller to compensate:

(fancyhdr)                \addtolength{\topmargin}{-2.93912pt}.

[17 <./figure//thailand_conf_all_sugar-eps-converted-to.pdf>]

Package hyperref Warning: Composite letter `\textacute+\ecircumflex'
(hyperref)                not defined in PD1 encoding,
(hyperref)                removing `\textacute' on input line 161.


Package hyperref Warning: Glyph not defined in PD1 encoding,
(hyperref)                removing `\ecircumflex' on input line 161.


Package hyperref Warning: Composite letter `\textdotbelow+\acircumflex'
(hyperref)                not defined in PD1 encoding,
(hyperref)                removing `\textdotbelow' on input line 161.


Package hyperref Warning: Glyph not defined in PD1 encoding,
(hyperref)                removing `\acircumflex' on input line 161.


Package hyperref Warning: Glyph not defined in PD1 encoding,
(hyperref)                removing `\uhorn' on input line 161.


Package hyperref Warning: Glyph not defined in PD1 encoding,
(hyperref)                removing `\ohorn' on input line 161.

) (text/chuong4.tex

Package fancyhdr Warning: \headheight is too small (12.0pt): 
(fancyhdr)                Make it at least 14.93912pt, for example:
(fancyhdr)                \setlength{\headheight}{14.93912pt}.
(fancyhdr)                You might also make \topmargin smaller to compensate:

(fancyhdr)                \addtolength{\topmargin}{-2.93912pt}.

[18]
Ch\uhorn \ohorn ng 4.

Package hyperref Warning: Composite letter `\textacute+\ecircumflex'
(hyperref)                not defined in PD1 encoding,
(hyperref)                removing `\textacute' on input line 1.


Package hyperref Warning: Glyph not defined in PD1 encoding,
(hyperref)                removing `\ecircumflex' on input line 1.


Package hyperref Warning: Composite letter `\textdotbelow+\acircumflex'
(hyperref)                not defined in PD1 encoding,
(hyperref)                removing `\textdotbelow' on input line 1.


Package hyperref Warning: Glyph not defined in PD1 encoding,
(hyperref)                removing `\acircumflex' on input line 1.


Package hyperref Warning: Composite letter `\textacute+\abreve'
(hyperref)                not defined in PD1 encoding,
(hyperref)                removing `\textacute' on input line 3.


Package hyperref Warning: Glyph not defined in PD1 encoding,
(hyperref)                removing `\abreve' on input line 3.


Package hyperref Warning: Composite letter `\textacute+\ecircumflex'
(hyperref)                not defined in PD1 encoding,
(hyperref)                removing `\textacute' on input line 3.


Package hyperref Warning: Glyph not defined in PD1 encoding,
(hyperref)                removing `\ecircumflex' on input line 3.


Package hyperref Warning: Composite letter `\textdotbelow+\acircumflex'
(hyperref)                not defined in PD1 encoding,
(hyperref)                removing `\textdotbelow' on input line 3.


Package hyperref Warning: Glyph not defined in PD1 encoding,
(hyperref)                removing `\acircumflex' on input line 3.


Package hyperref Warning: Glyph not defined in PD1 encoding,
(hyperref)                removing `\uhorn' on input line 9.


Package hyperref Warning: Composite letter `\textacute+\ohorn'
(hyperref)                not defined in PD1 encoding,
(hyperref)                removing `\textacute' on input line 9.


Package hyperref Warning: Glyph not defined in PD1 encoding,
(hyperref)                removing `\ohorn' on input line 9.


Package hyperref Warning: Glyph not defined in PD1 encoding,
(hyperref)                removing `\h' on input line 9.


Package hyperref Warning: Glyph not defined in PD1 encoding,
(hyperref)                removing `\ecircumflex' on input line 9.


Package hyperref Warning: Composite letter `\textdotbelow+u'
(hyperref)                not defined in PD1 encoding,
(hyperref)                removing `\textdotbelow' on input line 13.


Package hyperref Warning: Composite letter `\textacute+\ecircumflex'
(hyperref)                not defined in PD1 encoding,
(hyperref)                removing `\textacute' on input line 13.


Package hyperref Warning: Glyph not defined in PD1 encoding,
(hyperref)                removing `\ecircumflex' on input line 13.


Package hyperref Warning: Glyph not defined in PD1 encoding,
(hyperref)                removing `\dj' on input line 13.


Package hyperref Warning: Composite letter `\textdotbelow+\ocircumflex'
(hyperref)                not defined in PD1 encoding,
(hyperref)                removing `\textdotbelow' on input line 13.


Package hyperref Warning: Glyph not defined in PD1 encoding,
(hyperref)                removing `\ocircumflex' on input line 13.


Package hyperref Warning: Composite letter `\textdotbelow+\uhorn'
(hyperref)                not defined in PD1 encoding,
(hyperref)                removing `\textdotbelow' on input line 13.


Package hyperref Warning: Glyph not defined in PD1 encoding,
(hyperref)                removing `\uhorn' on input line 13.


Package hyperref Warning: Composite letter `\textdotbelow+\ecircumflex'
(hyperref)                not defined in PD1 encoding,
(hyperref)                removing `\textdotbelow' on input line 13.


Package hyperref Warning: Glyph not defined in PD1 encoding,
(hyperref)                removing `\ecircumflex' on input line 13.

) (thesis.bbl [19

]

Package fancyhdr Warning: \headheight is too small (12.0pt): 
(fancyhdr)                Make it at least 14.93912pt, for example:
(fancyhdr)                \setlength{\headheight}{14.93912pt}.
(fancyhdr)                You might also make \topmargin smaller to compensate:

(fancyhdr)                \addtolength{\topmargin}{-2.93912pt}.

[20

]) (text/phuluc.tex [21]

Package fancyhdr Warning: \headheight is too small (12.0pt): 
(fancyhdr)                Make it at least 14.93912pt, for example:
(fancyhdr)                \setlength{\headheight}{14.93912pt}.
(fancyhdr)                You might also make \topmargin smaller to compensate:

(fancyhdr)                \addtolength{\topmargin}{-2.93912pt}.

[22

]
Ph\d {u} l\d {u}c A.

Package hyperref Warning: Glyph not defined in PD1 encoding,
(hyperref)                removing `\uhorn' on input line 1.


Package hyperref Warning: Glyph not defined in PD1 encoding,
(hyperref)                removing `\ohorn' on input line 1.

(H:\tex\tex/latex/listings\lstlang1.sty
File: lstlang1.sty 2020/03/24 1.8d listings language file
)
Package hyperref Info: bookmark level for unknown lstlisting defaults to 0 on i
nput line 16.
 (code/spectrum.m)) [23] (thesis.aux
(thesis.acr))
Package rerunfilecheck Info: File `thesis.out' has not changed.
(rerunfilecheck)             Checksum: F1C966BADEE38CC0B7C0281DD04E54DA;1825.


LaTeX Font Warning: Size substitutions with differences
(Font)              up to 0.74pt have occurred.


LaTeX Warning: There were multiply-defined labels.

 ) 
Here is how much of TeX's memory you used:
 26405 strings out of 479697
 523174 string characters out of 2885069
 1079729 words of memory out of 3000000
 42858 multiletter control sequences out of 15000+200000
 427981 words of font info for 79 fonts, out of 3000000 for 9000
 1141 hyphenation exceptions out of 8191
 94i,13n,98p,1217b,1732s stack positions out of 5000i,500n,10000p,200000b,50000s
 <C:\Users\Admin\AppData\Local\MiKTeX\fonts/pk/ljfour/jknappen/ec/dpi600\tcrm
1095.pk> <C:\Users\Admin\AppData\Local\MiKTeX\fonts/pk/ljfour/jknappen/ec/dpi60
0\tcrm1200.pk><H:/tex/fonts/type1/public/amsfonts/cm/cmbx12.pfb><H:/tex/fonts/t
ype1/public/amsfonts/cm/cmbx8.pfb><H:/tex/fonts/type1/public/amsfonts/cm/cmex10
.pfb><H:/tex/fonts/type1/public/amsfonts/cm/cmmi10.pfb><H:/tex/fonts/type1/publ
ic/amsfonts/cm/cmmi12.pfb><H:/tex/fonts/type1/public/amsfonts/cm/cmmi8.pfb><H:/
tex/fonts/type1/public/amsfonts/cm/cmr10.pfb><H:/tex/fonts/type1/public/amsfont
s/cm/cmr12.pfb><H:/tex/fonts/type1/public/amsfonts/cm/cmr8.pfb><H:/tex/fonts/ty
pe1/public/amsfonts/cm/cmsy10.pfb><H:/tex/fonts/type1/public/amsfonts/cm/cmsy8.
pfb><H:/tex/fonts/type1/vntex/vnr/vnbx10.pfb><H:/tex/fonts/type1/vntex/vnr/vnbx
12.pfb><H:/tex/fonts/type1/vntex/vnr/vnr10.pfb><H:/tex/fonts/type1/vntex/vnr/vn
r12.pfb><H:/tex/fonts/type1/vntex/vnr/vnr9.pfb><H:/tex/fonts/type1/vntex/vnr/vn
ti10.pfb><H:/tex/fonts/type1/vntex/vnr/vnti12.pfb><H:/tex/fonts/type1/vntex/vnr
/vntt12.pfb>
Output written on thesis.pdf (43 pages, 2340937 bytes).
PDF statistics:
 592 PDF objects out of 1000 (max. 8388607)
 137 named destinations out of 1000 (max. 500000)
 306 words of extra memory for PDF output out of 10000 (max. 10000000)

