\BOOKMARK [0][-]{chapter.1}{Gii thiu}{}% 1
\BOOKMARK [1][-]{section.1.1}{\320t vn }{chapter.1}% 2
\BOOKMARK [1][-]{section.1.2}{Pham vi v\340 phng ph\341p nghi\352n cu}{chapter.1}% 3
\BOOKMARK [0][-]{chapter.2}{C s l\375 thuyt}{}% 4
\BOOKMARK [1][-]{section.2.1}{L\375 thuyt v x l\375 anh:}{chapter.2}% 5
\BOOKMARK [2][-]{subsection.2.1.1}{Mang Neuron t\355ch chp \(CNN\):}{section.2.1}% 6
\BOOKMARK [1][-]{section.2.2}{Long sort term memory}{chapter.2}% 7
\BOOKMARK [2][-]{subsection.2.2.1}{Recurrent Neural Network}{section.2.2}% 8
\BOOKMARK [2][-]{subsection.2.2.2}{Long Short Term Memory}{section.2.2}% 9
\BOOKMARK [2][-]{subsection.2.2.3}{C\341ch s dung Latex cho b\341o c\341o lun van}{section.2.2}% 10
\BOOKMARK [1][-]{section.2.3}{C\341ch vit chng c s l\375 thuyt}{chapter.2}% 11
\BOOKMARK [2][-]{subsection.2.3.1}{Ni dung ch\355nh}{section.2.3}% 12
\BOOKMARK [2][-]{subsection.2.3.2}{C\341ch vit tt}{section.2.3}% 13
\BOOKMARK [2][-]{subsection.2.3.3}{C\341ch vit c\364ng thc to\341n hoc}{section.2.3}% 14
\BOOKMARK [2][-]{subsection.2.3.4}{C\341ch ch\350n h\354nh ve}{section.2.3}% 15
\BOOKMARK [2][-]{subsection.2.3.5}{C\341ch th\352m v\340 s dung t\340i liu tham khao}{section.2.3}% 16
\BOOKMARK [1][-]{section.2.4}{Kt lun chng}{chapter.2}% 17
\BOOKMARK [0][-]{chapter.3}{Kt qua nghi\352n cu}{}% 18
\BOOKMARK [1][-]{section.3.1}{Phng ph\341p tip cn}{chapter.3}% 19
\BOOKMARK [1][-]{section.3.2}{Kt qua v\340 ph\342n t\355ch}{chapter.3}% 20
\BOOKMARK [1][-]{section.3.3}{Kt lun chng}{chapter.3}% 21
\BOOKMARK [0][-]{chapter.4}{Kt lun}{}% 22
\BOOKMARK [1][-]{section.4.1}{T\363m tt v\340 kt lun chung}{chapter.4}% 23
\BOOKMARK [1][-]{section.4.2}{Hng ph\341t trin}{chapter.4}% 24
\BOOKMARK [1][-]{section.4.3}{Muc ti\352u v\340 tin \040thc hin}{chapter.4}% 25
\BOOKMARK [0][-]{appendix.A}{Code chng tr\354nh}{}% 26
